2016-01-11 10:43:18-0600 [scrapy] INFO: Scrapy 0.24.6 started (bot: open_news)
2016-01-11 10:43:18-0600 [scrapy] INFO: Optional features available: ssl, http11, boto, django
2016-01-11 10:43:18-0600 [scrapy] INFO: Overridden settings: {'FEED_URI': 'file:///home/ubuntu/workspace/example_project/items/default/article_spider/68559f62b88211e5ba900242ac114141.jl', 'SPIDER_MODULES': ['dynamic_scraper.spiders', 'open_news.scraper'], 'BOT_NAME': 'open_news', 'LOG_STDOUT': True, 'USER_AGENT': 'open_news/1.0', 'LOG_FILE': 'logs/default/article_spider/68559f62b88211e5ba900242ac114141.log'}
2016-01-11 10:43:18-0600 [scrapy] INFO: Enabled extensions: FeedExporter, LogStats, TelnetConsole, CloseSpider, WebService, CoreStats, SpiderState, ExtensionThatAccessStats
2016-01-11 10:43:19-0600 [scrapy] INFO: Enabled downloader middlewares: HttpAuthMiddleware, DownloadTimeoutMiddleware, UserAgentMiddleware, RetryMiddleware, DefaultHeadersMiddleware, MetaRefreshMiddleware, HttpCompressionMiddleware, RedirectMiddleware, CookiesMiddleware, ChunkedTransferMiddleware, DownloaderStats
2016-01-11 10:43:19-0600 [scrapy] INFO: Enabled spider middlewares: HttpErrorMiddleware, OffsiteMiddleware, RefererMiddleware, UrlLengthMiddleware, DepthMiddleware
2016-01-11 10:43:19-0600 [scrapy] INFO: Enabled item pipelines: DjangoImagesPipeline, MongoDBPipeline
2016-01-11 10:43:19-0600 [article_spider] INFO: Spider opened
2016-01-11 10:43:19-0600 [article_spider] INFO: Crawled 0 pages (at 0 pages/min), scraped 0 items (at 0 items/min)
2016-01-11 10:43:19-0600 [scrapy] DEBUG: Telnet console listening on 127.0.0.1:6023
2016-01-11 10:43:19-0600 [scrapy] DEBUG: Web service listening on 127.0.0.1:6080
2016-01-11 10:43:20-0600 [article_spider] DEBUG: Crawled (200) <GET https://www.google.com.ni/search?q=silent+hill&start=0> (referer: None)
2016-01-11 10:43:20-0600 [article_spider] ERROR: No base objects found!
2016-01-11 10:43:24-0600 [article_spider] DEBUG: Crawled (200) <GET https://www.google.com.ni/search?q=silent+hill&start=10> (referer: None)
2016-01-11 10:43:24-0600 [article_spider] ERROR: No base objects found!
2016-01-11 10:43:28-0600 [article_spider] DEBUG: Crawled (200) <GET https://www.google.com.ni/search?q=silent+hill&start=20> (referer: None)
2016-01-11 10:43:28-0600 [article_spider] ERROR: No base objects found!
2016-01-11 10:43:32-0600 [article_spider] DEBUG: Crawled (200) <GET https://www.google.com.ni/search?q=silent+hill&start=30> (referer: None)
2016-01-11 10:43:32-0600 [article_spider] ERROR: No base objects found!
2016-01-11 10:43:36-0600 [article_spider] DEBUG: Crawled (200) <GET https://www.google.com.ni/search?q=silent+hill&start=40> (referer: None)
2016-01-11 10:43:36-0600 [article_spider] ERROR: No base objects found!
2016-01-11 10:43:40-0600 [article_spider] DEBUG: Crawled (200) <GET https://www.google.com.ni/search?q=silent+hill&start=50> (referer: None)
2016-01-11 10:43:40-0600 [article_spider] ERROR: No base objects found!
2016-01-11 10:43:44-0600 [article_spider] DEBUG: Crawled (200) <GET https://www.google.com.ni/search?q=silent+hill&start=60> (referer: None)
2016-01-11 10:43:44-0600 [article_spider] ERROR: No base objects found!
2016-01-11 10:43:49-0600 [article_spider] DEBUG: Crawled (200) <GET https://www.google.com.ni/search?q=silent+hill&start=70> (referer: None)
2016-01-11 10:43:49-0600 [article_spider] ERROR: No base objects found!
2016-01-11 10:43:52-0600 [article_spider] DEBUG: Crawled (200) <GET https://www.google.com.ni/search?q=silent+hill&start=80> (referer: None)
2016-01-11 10:43:52-0600 [article_spider] ERROR: No base objects found!
2016-01-11 10:43:56-0600 [article_spider] DEBUG: Crawled (200) <GET https://www.google.com.ni/search?q=silent+hill&start=90> (referer: None)
2016-01-11 10:43:56-0600 [article_spider] ERROR: No base objects found!
2016-01-11 10:43:59-0600 [article_spider] DEBUG: Crawled (200) <GET https://www.google.com.ni/search?q=pachinko+konami&start=0> (referer: None)
2016-01-11 10:43:59-0600 [article_spider] ERROR: No base objects found!
2016-01-11 10:44:03-0600 [article_spider] DEBUG: Crawled (200) <GET https://www.google.com.ni/search?q=pachinko+konami&start=10> (referer: None)
2016-01-11 10:44:03-0600 [article_spider] ERROR: No base objects found!
2016-01-11 10:44:07-0600 [article_spider] DEBUG: Crawled (200) <GET https://www.google.com.ni/search?q=pachinko+konami&start=20> (referer: None)
2016-01-11 10:44:07-0600 [article_spider] ERROR: No base objects found!
2016-01-11 10:44:10-0600 [article_spider] DEBUG: Crawled (200) <GET https://www.google.com.ni/search?q=pachinko+konami&start=30> (referer: None)
2016-01-11 10:44:10-0600 [article_spider] ERROR: No base objects found!
2016-01-11 10:44:14-0600 [article_spider] DEBUG: Crawled (200) <GET https://www.google.com.ni/search?q=pachinko+konami&start=40> (referer: None)
2016-01-11 10:44:14-0600 [article_spider] ERROR: No base objects found!
2016-01-11 10:44:18-0600 [article_spider] DEBUG: Crawled (200) <GET https://www.google.com.ni/search?q=pachinko+konami&start=50> (referer: None)
2016-01-11 10:44:18-0600 [article_spider] ERROR: No base objects found!
2016-01-11 10:44:19-0600 [article_spider] INFO: Crawled 16 pages (at 16 pages/min), scraped 0 items (at 0 items/min)
2016-01-11 10:44:23-0600 [article_spider] DEBUG: Crawled (200) <GET https://www.google.com.ni/search?q=pachinko+konami&start=60> (referer: None)
2016-01-11 10:44:23-0600 [article_spider] ERROR: No base objects found!
2016-01-11 10:44:27-0600 [article_spider] DEBUG: Crawled (200) <GET https://www.google.com.ni/search?q=pachinko+konami&start=70> (referer: None)
2016-01-11 10:44:27-0600 [article_spider] ERROR: No base objects found!
2016-01-11 10:44:30-0600 [article_spider] DEBUG: Crawled (200) <GET https://www.google.com.ni/search?q=pachinko+konami&start=80> (referer: None)
2016-01-11 10:44:30-0600 [article_spider] ERROR: No base objects found!
2016-01-11 10:44:33-0600 [article_spider] DEBUG: Crawled (200) <GET https://www.google.com.ni/search?q=pachinko+konami&start=90> (referer: None)
2016-01-11 10:44:33-0600 [article_spider] ERROR: No base objects found!
2016-01-11 10:44:37-0600 [article_spider] DEBUG: Crawled (200) <GET https://www.google.com.ni/search?q=castlevania+pachinko&start=0> (referer: None)
2016-01-11 10:44:37-0600 [article_spider] ERROR: No base objects found!
2016-01-11 10:44:41-0600 [article_spider] DEBUG: Crawled (200) <GET https://www.google.com.ni/search?q=castlevania+pachinko&start=10> (referer: None)
2016-01-11 10:44:41-0600 [article_spider] ERROR: No base objects found!
2016-01-11 10:44:45-0600 [article_spider] DEBUG: Crawled (200) <GET https://www.google.com.ni/search?q=castlevania+pachinko&start=20> (referer: None)
2016-01-11 10:44:45-0600 [article_spider] ERROR: No base objects found!
2016-01-11 10:44:49-0600 [article_spider] DEBUG: Crawled (200) <GET https://www.google.com.ni/search?q=castlevania+pachinko&start=30> (referer: None)
2016-01-11 10:44:49-0600 [article_spider] ERROR: No base objects found!
2016-01-11 10:44:50-0600 [scrapy] INFO: Received SIGINT, shutting down gracefully. Send again to force 
2016-01-11 10:44:50-0600 [article_spider] INFO: Closing spider (shutdown)
2016-01-11 10:44:53-0600 [article_spider] DEBUG: Crawled (200) <GET https://www.google.com.ni/search?q=castlevania+pachinko&start=40> (referer: None)
2016-01-11 10:44:53-0600 [article_spider] ERROR: No base objects found!
2016-01-11 10:44:56-0600 [article_spider] DEBUG: Crawled (200) <GET https://www.google.com.ni/search?q=castlevania+pachinko&start=50> (referer: None)
2016-01-11 10:44:56-0600 [article_spider] ERROR: No base objects found!
2016-01-11 10:45:00-0600 [article_spider] DEBUG: Crawled (200) <GET https://www.google.com.ni/search?q=castlevania+pachinko&start=60> (referer: None)
2016-01-11 10:45:00-0600 [article_spider] ERROR: No base objects found!
2016-01-11 10:45:03-0600 [article_spider] DEBUG: Crawled (200) <GET https://www.google.com.ni/search?q=castlevania+pachinko&start=70> (referer: None)
2016-01-11 10:45:03-0600 [article_spider] ERROR: No base objects found!
2016-01-11 10:45:07-0600 [article_spider] DEBUG: Crawled (200) <GET https://www.google.com.ni/search?q=castlevania+pachinko&start=80> (referer: None)
2016-01-11 10:45:07-0600 [article_spider] ERROR: No base objects found!
2016-01-11 10:45:11-0600 [article_spider] DEBUG: Crawled (200) <GET https://www.google.com.ni/search?q=castlevania+pachinko&start=90> (referer: None)
2016-01-11 10:45:11-0600 [article_spider] ERROR: No base objects found!
2016-01-11 10:45:11-0600 [article_spider] INFO: Scheduler runtime updated (Next action time: 2016-01-11 11:01, Next action factor: 1.3, Zero actions: 2)
2016-01-11 10:45:11-0600 [article_spider] INFO: Dumping Scrapy stats:
	{'downloader/request_bytes': 8877,
	 'downloader/request_count': 30,
	 'downloader/request_method_count/GET': 30,
	 'downloader/response_bytes': 347918,
	 'downloader/response_count': 30,
	 'downloader/response_status_count/200': 30,
	 'finish_reason': 'shutdown',
	 'finish_time': datetime.datetime(2016, 1, 11, 16, 45, 11, 47796),
	 'log_count/DEBUG': 32,
	 'log_count/ERROR': 30,
	 'log_count/INFO': 10,
	 'response_received_count': 30,
	 'scheduler/dequeued': 30,
	 'scheduler/dequeued/memory': 30,
	 'scheduler/enqueued': 30,
	 'scheduler/enqueued/memory': 30,
	 'start_time': datetime.datetime(2016, 1, 11, 16, 43, 19, 746449)}
2016-01-11 10:45:11-0600 [article_spider] INFO: Spider closed (shutdown)
