2016-06-14 11:58:49-0500 [scrapy] INFO: Scrapy 0.24.6 started (bot: scraperfunc)
2016-06-14 11:58:49-0500 [scrapy] INFO: Optional features available: ssl, http11, django
2016-06-14 11:58:49-0500 [scrapy] INFO: Overridden settings: {'SPIDER_MODULES': ['dynamic_scraper.spiders', 'scraperfunc.scraper'], 'LOG_STDOUT': True, 'LOG_FILE': 'logs/default/article_spider/424461d4325111e6ab360242ac1175ce.log', 'USER_AGENT': 'scraperfunc/1.0', 'BOT_NAME': 'scraperfunc'}
2016-06-14 11:58:49-0500 [scrapy] INFO: Enabled extensions: LogStats, TelnetConsole, CloseSpider, WebService, CoreStats, SpiderState, ExtensionThatAccessStats
2016-06-14 11:58:49-0500 [scrapy] INFO: Enabled downloader middlewares: HttpAuthMiddleware, DownloadTimeoutMiddleware, UserAgentMiddleware, RetryMiddleware, DefaultHeadersMiddleware, MetaRefreshMiddleware, HttpCompressionMiddleware, RedirectMiddleware, CookiesMiddleware, ChunkedTransferMiddleware, DownloaderStats
2016-06-14 11:58:49-0500 [scrapy] INFO: Enabled spider middlewares: HttpErrorMiddleware, OffsiteMiddleware, RefererMiddleware, UrlLengthMiddleware, DepthMiddleware
2016-06-14 11:58:49-0500 [scrapy] INFO: Enabled item pipelines: DjangoImagesPipeline, MongoDBPipeline
2016-06-14 11:58:49-0500 [article_spider] INFO: Spider opened
2016-06-14 11:58:49-0500 [article_spider] INFO: Crawled 0 pages (at 0 pages/min), scraped 0 items (at 0 items/min)
2016-06-14 11:58:49-0500 [scrapy] DEBUG: Telnet console listening on 127.0.0.1:6023
2016-06-14 11:58:49-0500 [scrapy] DEBUG: Web service listening on 127.0.0.1:6080
2016-06-14 11:58:50-0500 [article_spider] DEBUG: Crawled (200) <GET https://www.google.com.ni/search?q=grocery+store+miami&start=0> (referer: None)
2016-06-14 11:58:50-0500 [article_spider] INFO: Starting to crawl item 1.
2016-06-14 11:58:50-0500 [article_spider] DEBUG: url                 None
2016-06-14 11:58:50-0500 [article_spider] ERROR: Item could not be read!
2016-06-14 11:58:50-0500 [article_spider] INFO: Starting to crawl item 2.
2016-06-14 11:58:50-0500 [article_spider] DEBUG: url                 'http://www.miaminewtimes.com/restaurants/top-10-supermarkets-freshest-food-best-prices-top-service-6582965'
2016-06-14 11:58:50-0500 [article_spider] INFO: Starting to crawl item 3.
2016-06-14 11:58:50-0500 [article_spider] DEBUG: url                 'http://www.yellowpages.com/miami-fl/grocery-stores'
2016-06-14 11:58:50-0500 [article_spider] INFO: Starting to crawl item 4.
2016-06-14 11:58:50-0500 [article_spider] DEBUG: url                 'http://www.yelp.com/search%3Ffind_desc%3DGrocery%2BStore%26find_loc%3DMiami%2BBeach%252C%2BFL'
2016-06-14 11:58:50-0500 [article_spider] INFO: Starting to crawl item 5.
2016-06-14 11:58:50-0500 [article_spider] DEBUG: url                 'http://www.yelp.com/c/miami-beach-fl-us/grocery'
2016-06-14 11:58:50-0500 [article_spider] INFO: Starting to crawl item 6.
2016-06-14 11:58:50-0500 [article_spider] DEBUG: url                 'https://foursquare.com/miaminewtimes/list/top-ten-supermarkets-in-miami'
2016-06-14 11:58:50-0500 [article_spider] INFO: Starting to crawl item 7.
2016-06-14 11:58:50-0500 [article_spider] DEBUG: url                 'https://www.yelp.es/search%3Ffind_desc%3DOrganic%2BGrocery%2BStores%26find_loc%3DMiami%252C%2BFL'
2016-06-14 11:58:50-0500 [article_spider] INFO: Starting to crawl item 8.
2016-06-14 11:58:50-0500 [article_spider] DEBUG: url                 'https://www.yelp.es/search%3Ffind_desc%3DIndian%2BGrocery%2BStore%26find_loc%3DMiami%252C%2BFL'
2016-06-14 11:58:50-0500 [article_spider] INFO: Starting to crawl item 9.
2016-06-14 11:58:50-0500 [article_spider] DEBUG: url                 'http://www.superpages.com/yellowpages/c-grocery%2Bstores%2B%2526%2Bsupermarkets/s-fl/t-miami/'
2016-06-14 11:58:50-0500 [article_spider] INFO: Starting to crawl item 10.
2016-06-14 11:58:50-0500 [article_spider] DEBUG: url                 'https://www.instacart.com/grocery-delivery/miami'
2016-06-14 11:58:50-0500 [article_spider] INFO: Starting to crawl item 11.
2016-06-14 11:58:50-0500 [article_spider] DEBUG: url                 'http://www.indeed.com/q-Grocery-Store-l-Miami,-FL-jobs.html'
2016-06-14 11:58:51-0500 [article_spider] DEBUG: Crawled (200) <GET http://www.indeed.com/q-Grocery-Store-l-Miami,-FL-jobs.html> (referer: https://www.google.com.ni/search?q=grocery+store+miami&start=0)
2016-06-14 11:58:51-0500 [article_spider] DEBUG: wholehtml           None
2016-06-14 11:58:51-0500 [article_spider] DEBUG: No more deepsearch... continue!
2016-06-14 11:58:51-0500 [article_spider] DEBUG: Website added/updated to MongoDB database!
2016-06-14 11:58:51-0500 [article_spider] DEBUG: Scraped from <200 http://www.indeed.com/q-Grocery-Store-l-Miami,-FL-jobs.html>
	{u'url': u'http://www.indeed.com/q-Grocery-Store-l-Miami,-FL-jobs.html'}
2016-06-14 11:58:51-0500 [article_spider] DEBUG: Crawled (200) <GET https://foursquare.com/miaminewtimes/list/top-ten-supermarkets-in-miami> (referer: https://www.google.com.ni/search?q=grocery+store+miami&start=0)
2016-06-14 11:58:51-0500 [article_spider] DEBUG: wholehtml           '122.0574'
2016-06-14 11:58:51-0500 [article_spider] DEBUG: No more deepsearch... continue!
2016-06-14 11:58:51-0500 [article_spider] DEBUG: Website added/updated to MongoDB database!
2016-06-14 11:58:51-0500 [article_spider] DEBUG: Scraped from <200 https://foursquare.com/miaminewtimes/list/top-ten-supermarkets-in-miami>
	{u'url': u'https://foursquare.com/miaminewtimes/list/top-ten-supermarkets-in-miami',
	 u'wholehtml': u'122.0574'}
2016-06-14 11:58:51-0500 [article_spider] DEBUG: Crawled (200) <GET https://www.instacart.com/grocery-delivery/miami> (referer: https://www.google.com.ni/search?q=grocery+store+miami&start=0)
2016-06-14 11:58:51-0500 [article_spider] DEBUG: wholehtml           '600-4198'
2016-06-14 11:58:51-0500 [article_spider] DEBUG: Current URL is ## https://www.instacart.com/grocery-delivery/miami ## and response URL is $$ https://www.instacart.com/contact
2016-06-14 11:58:51-0500 [article_spider] DEBUG: Crawled (200) <GET http://www.miaminewtimes.com/restaurants/top-10-supermarkets-freshest-food-best-prices-top-service-6582965> (referer: https://www.google.com.ni/search?q=grocery+store+miami&start=0)
2016-06-14 11:58:51-0500 [article_spider] DEBUG: wholehtml           None
2016-06-14 11:58:51-0500 [article_spider] DEBUG: Current URL is ## http://www.miaminewtimes.com/restaurants/top-10-supermarkets-freshest-food-best-prices-top-service-6582965 ## and response URL is $$ http://www.miaminewtimes.com/about/contact
2016-06-14 11:58:51-0500 [article_spider] DEBUG: Crawled (200) <GET http://www.yellowpages.com/miami-fl/grocery-stores> (referer: https://www.google.com.ni/search?q=grocery+store+miami&start=0)
2016-06-14 11:58:51-0500 [article_spider] DEBUG: wholehtml           '810.5305'
2016-06-14 11:58:51-0500 [article_spider] DEBUG: Current URL is ## http://www.yellowpages.com/miami-fl/grocery-stores ## and response URL is $$ http://www.yellowpages.com/about/contact-us
2016-06-14 11:58:52-0500 [article_spider] DEBUG: Crawled (200) <GET https://www.yelp.es/search?find_desc=Organic+Grocery+Stores&find_loc=Miami%2C+FL> (referer: https://www.google.com.ni/search?q=grocery+store+miami&start=0)
2016-06-14 11:58:52-0500 [article_spider] DEBUG: wholehtml           '305-421-9421'
2016-06-14 11:58:52-0500 [article_spider] DEBUG: No more deepsearch... continue!
2016-06-14 11:58:52-0500 [article_spider] DEBUG: Crawled (200) <GET http://www.superpages.com/yellowpages/c-grocery+stores+%26+supermarkets/s-fl/t-miami/> (referer: https://www.google.com.ni/search?q=grocery+store+miami&start=0)
2016-06-14 11:58:52-0500 [article_spider] DEBUG: Website added/updated to MongoDB database!
2016-06-14 11:58:52-0500 [article_spider] DEBUG: Scraped from <200 https://www.yelp.es/search?find_desc=Organic+Grocery+Stores&find_loc=Miami%2C+FL>
	{u'url': u'https://www.yelp.es/search%3Ffind_desc%3DOrganic%2BGrocery%2BStores%26find_loc%3DMiami%252C%2BFL',
	 u'wholehtml': u'305-421-9421'}
2016-06-14 11:58:52-0500 [article_spider] DEBUG: wholehtml           '601.8084'
2016-06-14 11:58:52-0500 [article_spider] DEBUG: Current URL is ## http://www.superpages.com/yellowpages/c-grocery+stores+%26+supermarkets/s-fl/t-miami/ ## and response URL is $$ http://advertising.superpages.com/contact
2016-06-14 11:58:52-0500 [article_spider] DEBUG: Crawled (200) <GET http://www.yelp.com/search?find_desc=Grocery+Store&find_loc=Miami+Beach%2C+FL> (referer: https://www.google.com.ni/search?q=grocery+store+miami&start=0)
2016-06-14 11:58:52-0500 [article_spider] DEBUG: wholehtml           '(786) 310-6870'
2016-06-14 11:58:52-0500 [article_spider] DEBUG: No more deepsearch... continue!
2016-06-14 11:58:52-0500 [article_spider] DEBUG: Website added/updated to MongoDB database!
2016-06-14 11:58:52-0500 [article_spider] DEBUG: Scraped from <200 http://www.yelp.com/search?find_desc=Grocery+Store&find_loc=Miami+Beach%2C+FL>
	{u'url': u'http://www.yelp.com/search%3Ffind_desc%3DGrocery%2BStore%26find_loc%3DMiami%2BBeach%252C%2BFL',
	 u'wholehtml': u'(786) 310-6870'}
2016-06-14 11:58:52-0500 [article_spider] DEBUG: Crawled (200) <GET https://www.google.com.ni/search?q=grocery+store+miami&start=10> (referer: None)
2016-06-14 11:58:52-0500 [article_spider] INFO: Starting to crawl item 12.
2016-06-14 11:58:52-0500 [article_spider] DEBUG: url                 'http://www.aroundairports.com/MIA/groceries'
2016-06-14 11:58:52-0500 [article_spider] DEBUG: Redirecting (301) to <GET http://advertising.superpages.com/contact/> from <GET http://advertising.superpages.com/contact>
2016-06-14 11:58:52-0500 [article_spider] INFO: Starting to crawl item 13.
2016-06-14 11:58:52-0500 [article_spider] DEBUG: url                 'https://local.yahoo.com/FL/Miami/Food%2BDining/Grocery%2BStores'
2016-06-14 11:58:52-0500 [article_spider] INFO: Starting to crawl item 14.
2016-06-14 11:58:52-0500 [article_spider] DEBUG: url                 'http://www.indianfoodsguide.com/indian-food-guide/indian-grocery-stores/united-states/florida/miami.html'
2016-06-14 11:58:52-0500 [article_spider] INFO: Starting to crawl item 15.
2016-06-14 11:58:52-0500 [article_spider] DEBUG: url                 'https://www.facebook.com/pages/Triton-Supermarket/152630668081058'
2016-06-14 11:58:52-0500 [article_spider] INFO: Starting to crawl item 16.
2016-06-14 11:58:52-0500 [article_spider] DEBUG: url                 'https://www.facebook.com/pages/Strawberry-Food-Market/132267700151664'
2016-06-14 11:58:52-0500 [article_spider] INFO: Starting to crawl item 17.
2016-06-14 11:58:52-0500 [article_spider] DEBUG: url                 'http://miami.cbslocal.com/top-lists/best-ethnic-grocery-stores-in-miami/'
2016-06-14 11:58:52-0500 [article_spider] INFO: Starting to crawl item 18.
2016-06-14 11:58:52-0500 [article_spider] DEBUG: url                 'http://www.nbcmiami.com/news/local/Men-Robbed-Little-Haiti-Grocery-Store-Clerk-Infant-at-Gunpoint-Miami-Police-372256312.html'
2016-06-14 11:58:52-0500 [article_spider] DEBUG: Crawled (200) <GET http://www.aroundairports.com/MIA/groceries> (referer: https://www.google.com.ni/search?q=grocery+store+miami&start=10)
2016-06-14 11:58:52-0500 [article_spider] INFO: Starting to crawl item 19.
2016-06-14 11:58:52-0500 [article_spider] DEBUG: url                 'http://www.sun-sentinel.com/local/miami-dade/sfl-miami-store-robbery-infant-20160316-story.html'
2016-06-14 11:58:52-0500 [article_spider] DEBUG: wholehtml           '263-7483'
2016-06-14 11:58:52-0500 [article_spider] DEBUG: No more deepsearch... continue!
2016-06-14 11:58:52-0500 [article_spider] DEBUG: Crawled (200) <GET http://www.miaminewtimes.com/about/contact> (referer: http://www.miaminewtimes.com/restaurants/top-10-supermarkets-freshest-food-best-prices-top-service-6582965)
2016-06-14 11:58:52-0500 [article_spider] INFO: Starting to crawl item 20.
2016-06-14 11:58:52-0500 [article_spider] DEBUG: url                 'http://www.miamiherald.com/news/local/community/community-conversations-blog/article21004044.html'
2016-06-14 11:58:52-0500 [article_spider] DEBUG: Website added/updated to MongoDB database!
2016-06-14 11:58:52-0500 [article_spider] DEBUG: Scraped from <200 http://www.aroundairports.com/MIA/groceries>
	{u'url': u'http://www.aroundairports.com/MIA/groceries',
	 u'wholehtml': u'263-7483'}
2016-06-14 11:58:52-0500 [article_spider] DEBUG: wholehtml           None
2016-06-14 11:58:52-0500 [article_spider] DEBUG: Current URL is ## http://www.miaminewtimes.com/about/contact ## and response URL is $$ http://www.miaminewtimes.com/about/contact
2016-06-14 11:58:52-0500 [article_spider] INFO: Starting to crawl item 21.
2016-06-14 11:58:52-0500 [article_spider] DEBUG: url                 'http://www.walmart.com/cp/food/976759'
2016-06-14 11:58:52-0500 [article_spider] DEBUG: Website added/updated to MongoDB database!
2016-06-14 11:58:52-0500 [article_spider] DEBUG: Scraped from <200 http://www.miaminewtimes.com/about/contact>
	{u'url': u'http://www.miaminewtimes.com/restaurants/top-10-supermarkets-freshest-food-best-prices-top-service-6582965'}
2016-06-14 11:58:52-0500 [article_spider] DEBUG: Crawled (200) <GET http://www.miamiherald.com/news/local/community/community-conversations-blog/article21004044.html> (referer: https://www.google.com.ni/search?q=grocery+store+miami&start=10)
2016-06-14 11:58:52-0500 [article_spider] DEBUG: wholehtml           '800-843-4372'
2016-06-14 11:58:52-0500 [article_spider] DEBUG: Current URL is ## http://www.miamiherald.com/news/local/community/community-conversations-blog/article21004044.html ## and response URL is $$ http://www.miamiherald.com/customer-service/#navlink=subnav
2016-06-14 11:58:52-0500 [article_spider] DEBUG: Crawled (200) <GET http://www.indianfoodsguide.com/indian-food-guide/indian-grocery-stores/united-states/florida/miami.html> (referer: https://www.google.com.ni/search?q=grocery+store+miami&start=10)
2016-06-14 11:58:52-0500 [article_spider] DEBUG: wholehtml           '305-382-7570'
2016-06-14 11:58:52-0500 [article_spider] DEBUG: Current URL is ## http://www.indianfoodsguide.com/indian-food-guide/indian-grocery-stores/united-states/florida/miami.html ## and response URL is $$ http://www.indianfoodsguide.com/contact/name.html
2016-06-14 11:58:53-0500 [article_spider] DEBUG: Crawled (200) <GET https://www.instacart.com/contact> (referer: https://www.instacart.com/grocery-delivery/miami)
2016-06-14 11:58:53-0500 [article_spider] DEBUG: wholehtml           '888-246-7822'
2016-06-14 11:58:53-0500 [article_spider] DEBUG: Current URL is ## https://www.instacart.com/contact ## and response URL is $$ https://www.instacart.com/contact
2016-06-14 11:58:53-0500 [article_spider] DEBUG: Website added/updated to MongoDB database!
2016-06-14 11:58:53-0500 [article_spider] DEBUG: Scraped from <200 https://www.instacart.com/contact>
	{u'url': u'https://www.instacart.com/grocery-delivery/miami',
	 u'wholehtml': u'888-246-7822'}
2016-06-14 11:58:53-0500 [article_spider] DEBUG: Crawled (200) <GET https://www.facebook.com/pages/Triton-Supermarket/152630668081058> (referer: https://www.google.com.ni/search?q=grocery+store+miami&start=10)
2016-06-14 11:58:53-0500 [article_spider] DEBUG: wholehtml           '(305) 534-4774'
2016-06-14 11:58:53-0500 [article_spider] DEBUG: No more deepsearch... continue!
2016-06-14 11:58:53-0500 [article_spider] DEBUG: Crawled (200) <GET http://miami.cbslocal.com/top-lists/best-ethnic-grocery-stores-in-miami/> (referer: https://www.google.com.ni/search?q=grocery+store+miami&start=10)
2016-06-14 11:58:53-0500 [article_spider] DEBUG: Website added/updated to MongoDB database!
2016-06-14 11:58:53-0500 [article_spider] DEBUG: Scraped from <200 https://www.facebook.com/pages/Triton-Supermarket/152630668081058>
	{u'url': u'https://www.facebook.com/pages/Triton-Supermarket/152630668081058',
	 u'wholehtml': u'(305) 534-4774'}
2016-06-14 11:58:53-0500 [article_spider] DEBUG: wholehtml           '(305) 253-6115'
2016-06-14 11:58:53-0500 [article_spider] DEBUG: Current URL is ## http://miami.cbslocal.com/top-lists/best-ethnic-grocery-stores-in-miami/ ## and response URL is $$ http://miami.cbslocal.com/about-us/contact-us/
2016-06-14 11:58:53-0500 [article_spider] DEBUG: Crawled (200) <GET http://www.nbcmiami.com/news/local/Men-Robbed-Little-Haiti-Grocery-Store-Clerk-Infant-at-Gunpoint-Miami-Police-372256312.html> (referer: https://www.google.com.ni/search?q=grocery+store+miami&start=10)
2016-06-14 11:58:53-0500 [article_spider] DEBUG: wholehtml           '954-622-6111'
2016-06-14 11:58:53-0500 [article_spider] DEBUG: Current URL is ## http://www.nbcmiami.com/news/local/Men-Robbed-Little-Haiti-Grocery-Store-Clerk-Infant-at-Gunpoint-Miami-Police-372256312.html ## and response URL is $$ http://www.nbcmiami.com/contact-us/
2016-06-14 11:58:53-0500 [article_spider] DEBUG: Crawled (200) <GET http://www.sun-sentinel.com/local/miami-dade/sfl-miami-store-robbery-infant-20160316-story.html> (referer: https://www.google.com.ni/search?q=grocery+store+miami&start=10)
2016-06-14 11:58:53-0500 [article_spider] DEBUG: wholehtml           '305-603-6370'
2016-06-14 11:58:53-0500 [article_spider] DEBUG: No more deepsearch... continue!
2016-06-14 11:58:53-0500 [article_spider] DEBUG: Website added/updated to MongoDB database!
2016-06-14 11:58:53-0500 [article_spider] DEBUG: Scraped from <200 http://www.sun-sentinel.com/local/miami-dade/sfl-miami-store-robbery-infant-20160316-story.html>
	{u'url': u'http://www.sun-sentinel.com/local/miami-dade/sfl-miami-store-robbery-infant-20160316-story.html',
	 u'wholehtml': u'305-603-6370'}
2016-06-14 11:58:53-0500 [article_spider] DEBUG: Retrying <GET https://local.yahoo.com/FL/Miami/Food+Dining/Grocery+Stores> (failed 1 times): 500 Internal Server Error
2016-06-14 11:58:53-0500 [article_spider] DEBUG: Redirecting (301) to <GET http://www.yelp.com/search?cflt=grocery&find_loc=Miami+Beach%2C+FL> from <GET http://www.yelp.com/c/miami-beach-fl-us/grocery>
2016-06-14 11:58:53-0500 [article_spider] DEBUG: Crawled (200) <GET http://www.indianfoodsguide.com/contact/name.html> (referer: http://www.indianfoodsguide.com/indian-food-guide/indian-grocery-stores/united-states/florida/miami.html)
2016-06-14 11:58:53-0500 [article_spider] DEBUG: wholehtml           '014-2015'
2016-06-14 11:58:53-0500 [article_spider] DEBUG: Current URL is ## http://www.indianfoodsguide.com/contact/name.html ## and response URL is $$ http://www.indianfoodsguide.com/contact/name.html
2016-06-14 11:58:53-0500 [article_spider] DEBUG: Website added/updated to MongoDB database!
2016-06-14 11:58:53-0500 [article_spider] DEBUG: Scraped from <200 http://www.indianfoodsguide.com/contact/name.html>
	{u'url': u'http://www.indianfoodsguide.com/indian-food-guide/indian-grocery-stores/united-states/florida/miami.html',
	 u'wholehtml': u'014-2015'}
2016-06-14 11:58:53-0500 [article_spider] DEBUG: Crawled (200) <GET http://www.walmart.com/cp/food/976759> (referer: https://www.google.com.ni/search?q=grocery+store+miami&start=10)
2016-06-14 11:58:53-0500 [article_spider] DEBUG: wholehtml           '770-6953'
2016-06-14 11:58:53-0500 [article_spider] DEBUG: Current URL is ## http://www.walmart.com/cp/food/976759 ## and response URL is $$ http://www.walmartcontacts.com/
2016-06-14 11:58:54-0500 [article_spider] DEBUG: Crawled (200) <GET http://www.miamiherald.com/customer-service/#navlink=subnav> (referer: http://www.miamiherald.com/news/local/community/community-conversations-blog/article21004044.html)
2016-06-14 11:58:54-0500 [article_spider] DEBUG: wholehtml           '800-843-4372'
2016-06-14 11:58:54-0500 [article_spider] DEBUG: Current URL is ## http://www.miamiherald.com/customer-service/ ## and response URL is $$ http://www.miamiherald.com/customer-service/#navlink=subnav
2016-06-14 11:58:54-0500 [article_spider] DEBUG: Filtered duplicate request: <GET http://www.miamiherald.com/customer-service/#navlink=subnav> - no more duplicates will be shown (see DUPEFILTER_DEBUG to show all duplicates)
2016-06-14 11:58:54-0500 [article_spider] DEBUG: Crawled (200) <GET http://www.walmartcontacts.com/> (referer: http://www.walmart.com/cp/food/976759)
2016-06-14 11:58:54-0500 [article_spider] DEBUG: wholehtml           '800-741-5367'
2016-06-14 11:58:54-0500 [article_spider] DEBUG: Current URL is ## http://www.walmartcontacts.com/ ## and response URL is $$ http://www.walmartcontacts.com/howtoorder
2016-06-14 11:58:54-0500 [article_spider] DEBUG: Crawled (200) <GET http://www.yellowpages.com/about/contact-us> (referer: http://www.yellowpages.com/miami-fl/grocery-stores)
2016-06-14 11:58:54-0500 [article_spider] DEBUG: wholehtml           '152.5055'
2016-06-14 11:58:54-0500 [article_spider] DEBUG: Current URL is ## http://www.yellowpages.com/about/contact-us ## and response URL is $$ http://www.yellowpages.com/about/contact-us
2016-06-14 11:58:54-0500 [article_spider] DEBUG: Website added/updated to MongoDB database!
2016-06-14 11:58:54-0500 [article_spider] DEBUG: Scraped from <200 http://www.yellowpages.com/about/contact-us>
	{u'url': u'http://www.yellowpages.com/miami-fl/grocery-stores',
	 u'wholehtml': u'152.5055'}
2016-06-14 11:58:54-0500 [article_spider] DEBUG: Crawled (200) <GET http://advertising.superpages.com/contact/> (referer: http://www.superpages.com/yellowpages/c-grocery+stores+%26+supermarkets/s-fl/t-miami/)
2016-06-14 11:58:54-0500 [article_spider] DEBUG: wholehtml           '855-487-1629'
2016-06-14 11:58:54-0500 [article_spider] DEBUG: Current URL is ## http://advertising.superpages.com/contact/ ## and response URL is $$ http://www.dexmedia.com/about/corporate
2016-06-14 11:58:54-0500 [article_spider] DEBUG: Redirecting (301) to <GET http://www.dexmedia.com/about/corporate/> from <GET http://www.dexmedia.com/about/corporate>
2016-06-14 11:58:54-0500 [article_spider] DEBUG: Crawled (200) <GET https://www.yelp.es/search?find_desc=Indian+Grocery+Store&find_loc=Miami%2C+FL> (referer: https://www.google.com.ni/search?q=grocery+store+miami&start=0)
2016-06-14 11:58:55-0500 [article_spider] DEBUG: wholehtml           '305-421-9421'
2016-06-14 11:58:55-0500 [article_spider] DEBUG: No more deepsearch... continue!
2016-06-14 11:58:55-0500 [article_spider] DEBUG: Website added/updated to MongoDB database!
2016-06-14 11:58:55-0500 [article_spider] DEBUG: Scraped from <200 https://www.yelp.es/search?find_desc=Indian+Grocery+Store&find_loc=Miami%2C+FL>
	{u'url': u'https://www.yelp.es/search%3Ffind_desc%3DIndian%2BGrocery%2BStore%26find_loc%3DMiami%252C%2BFL',
	 u'wholehtml': u'305-421-9421'}
2016-06-14 11:58:55-0500 [article_spider] DEBUG: Crawled (200) <GET http://www.nbcmiami.com/contact-us/> (referer: http://www.nbcmiami.com/news/local/Men-Robbed-Little-Haiti-Grocery-Store-Clerk-Infant-at-Gunpoint-Miami-Police-372256312.html)
2016-06-14 11:58:55-0500 [article_spider] DEBUG: wholehtml           '954-622-6111'
2016-06-14 11:58:55-0500 [article_spider] DEBUG: Current URL is ## http://www.nbcmiami.com/contact-us/ ## and response URL is $$ http://www.nbcmiami.com/contact-us/
2016-06-14 11:58:55-0500 [article_spider] DEBUG: Website added/updated to MongoDB database!
2016-06-14 11:58:55-0500 [article_spider] DEBUG: Scraped from <200 http://www.nbcmiami.com/contact-us/>
	{u'url': u'http://www.nbcmiami.com/news/local/Men-Robbed-Little-Haiti-Grocery-Store-Clerk-Infant-at-Gunpoint-Miami-Police-372256312.html',
	 u'wholehtml': u'954-622-6111'}
2016-06-14 11:58:55-0500 [article_spider] DEBUG: Crawled (200) <GET http://miami.cbslocal.com/about-us/contact-us/> (referer: http://miami.cbslocal.com/top-lists/best-ethnic-grocery-stores-in-miami/)
2016-06-14 11:58:55-0500 [article_spider] DEBUG: wholehtml           None
2016-06-14 11:58:55-0500 [article_spider] DEBUG: Current URL is ## http://miami.cbslocal.com/about-us/contact-us/ ## and response URL is $$ http://miami.cbslocal.com/about-us/contact-us/
2016-06-14 11:58:55-0500 [article_spider] DEBUG: Website added/updated to MongoDB database!
2016-06-14 11:58:55-0500 [article_spider] DEBUG: Scraped from <200 http://miami.cbslocal.com/about-us/contact-us/>
	{u'url': u'http://miami.cbslocal.com/top-lists/best-ethnic-grocery-stores-in-miami/',
	 u'wholehtml': u'(305) 253-6115'}
2016-06-14 11:58:55-0500 [article_spider] DEBUG: Crawled (200) <GET https://www.google.com.ni/search?q=grocery+store+miami&start=20> (referer: None)
2016-06-14 11:58:55-0500 [article_spider] INFO: Starting to crawl item 22.
2016-06-14 11:58:55-0500 [article_spider] DEBUG: url                 'http://location.bravosupermarkets.com/fl/miami/45-052/'
2016-06-14 11:58:55-0500 [article_spider] INFO: Starting to crawl item 23.
2016-06-14 11:58:55-0500 [article_spider] DEBUG: url                 'http://mycity.sulekha.com/grocery-stores_in-and-near_miami-fl'
2016-06-14 11:58:55-0500 [article_spider] INFO: Starting to crawl item 24.
2016-06-14 11:58:55-0500 [article_spider] DEBUG: url                 'http://wsvn.com/news/local/video-released-of-grocery-store-stabbing-that-injured-mother-daughter/'
2016-06-14 11:58:55-0500 [article_spider] INFO: Starting to crawl item 25.
2016-06-14 11:58:55-0500 [article_spider] DEBUG: url                 'http://www.findmeglutenfree.com/us/fl/miami/grocery-stores'
2016-06-14 11:58:55-0500 [article_spider] INFO: Starting to crawl item 26.
2016-06-14 11:58:55-0500 [article_spider] DEBUG: url                 'http://www.miamidade.gov/fire/consumer-survival-kit.asp'
2016-06-14 11:58:55-0500 [article_spider] INFO: Starting to crawl item 27.
2016-06-14 11:58:55-0500 [article_spider] DEBUG: url                 'http://www.local10.com/news/man-shot-killed-in-front-of-miami-gardens-grocery-store'
2016-06-14 11:58:55-0500 [article_spider] INFO: Starting to crawl item 28.
2016-06-14 11:58:55-0500 [article_spider] DEBUG: url                 'https://www.winndixie.com/locator'
2016-06-14 11:58:55-0500 [article_spider] INFO: Starting to crawl item 29.
2016-06-14 11:58:55-0500 [article_spider] DEBUG: url                 'https://citymaps.com/r/united-states/florida/miami/c/grocery-store'
2016-06-14 11:58:55-0500 [article_spider] INFO: Starting to crawl item 30.
2016-06-14 11:58:55-0500 [article_spider] DEBUG: url                 'http://local.miamiok.com/miami-OK/shopping/grocery-store/Notts-Grocery-918-542-5390'
2016-06-14 11:58:56-0500 [article_spider] INFO: Starting to crawl item 31.
2016-06-14 11:58:56-0500 [article_spider] DEBUG: url                 'http://www.miamibeach411.com/Shopping/shop-grocery.htm'
2016-06-14 11:58:56-0500 [article_spider] DEBUG: Retrying <GET https://citymaps.com/r/united-states/florida/miami/c/grocery-store> (failed 1 times): [<twisted.python.failure.Failure OpenSSL.SSL.Error: [('SSL routines', 'SSL3_READ_BYTES', 'sslv3 alert handshake failure'), ('SSL routines', 'SSL3_WRITE_BYTES', 'ssl handshake failure')]>]
2016-06-14 11:58:56-0500 [article_spider] DEBUG: Crawled (200) <GET http://location.bravosupermarkets.com/fl/miami/45-052/> (referer: https://www.google.com.ni/search?q=grocery+store+miami&start=20)
2016-06-14 11:58:56-0500 [article_spider] DEBUG: wholehtml           '305.455.6720'
2016-06-14 11:58:56-0500 [article_spider] DEBUG: No more deepsearch... continue!
2016-06-14 11:58:56-0500 [article_spider] DEBUG: Website added/updated to MongoDB database!
2016-06-14 11:58:56-0500 [article_spider] DEBUG: Scraped from <200 http://location.bravosupermarkets.com/fl/miami/45-052/>
	{u'url': u'http://location.bravosupermarkets.com/fl/miami/45-052/',
	 u'wholehtml': u'305.455.6720'}
2016-06-14 11:58:56-0500 [article_spider] DEBUG: Crawled (200) <GET http://www.miamidade.gov/fire/consumer-survival-kit.asp> (referer: https://www.google.com.ni/search?q=grocery+store+miami&start=20)
2016-06-14 11:58:56-0500 [article_spider] DEBUG: wholehtml           '305-547-3300'
2016-06-14 11:58:56-0500 [article_spider] DEBUG: Current URL is ## http://www.miamidade.gov/fire/consumer-survival-kit.asp ## and response URL is $$ http://www.miamidade.gov/fire/contact.asp
2016-06-14 11:58:56-0500 [article_spider] DEBUG: Crawled (200) <GET http://www.yelp.com/search?cflt=grocery&find_loc=Miami+Beach%2C+FL> (referer: https://www.google.com.ni/search?q=grocery+store+miami&start=0)
2016-06-14 11:58:56-0500 [article_spider] DEBUG: wholehtml           '(786) 310-6870'
2016-06-14 11:58:56-0500 [article_spider] DEBUG: No more deepsearch... continue!
2016-06-14 11:58:56-0500 [article_spider] DEBUG: Crawled (200) <GET http://www.miamibeach411.com/Shopping/shop-grocery.htm> (referer: https://www.google.com.ni/search?q=grocery+store+miami&start=20)
2016-06-14 11:58:56-0500 [article_spider] DEBUG: Website added/updated to MongoDB database!
2016-06-14 11:58:56-0500 [article_spider] DEBUG: Scraped from <200 http://www.yelp.com/search?cflt=grocery&find_loc=Miami+Beach%2C+FL>
	{u'url': u'http://www.yelp.com/c/miami-beach-fl-us/grocery',
	 u'wholehtml': u'(786) 310-6870'}
2016-06-14 11:58:56-0500 [article_spider] DEBUG: wholehtml           '305-754-2206'
2016-06-14 11:58:56-0500 [article_spider] DEBUG: Current URL is ## http://www.miamibeach411.com/Shopping/shop-grocery.htm ## and response URL is $$ http://secure.miamibeach411.com/help.php?section=contactus
2016-06-14 11:58:56-0500 [article_spider] DEBUG: Crawled (200) <GET http://mycity.sulekha.com/grocery-stores_in-and-near_miami-fl> (referer: https://www.google.com.ni/search?q=grocery+store+miami&start=20)
2016-06-14 11:58:56-0500 [article_spider] DEBUG: wholehtml           '540.2358'
2016-06-14 11:58:56-0500 [article_spider] DEBUG: Current URL is ## http://mycity.sulekha.com/grocery-stores_in-and-near_miami-fl ## and response URL is $$ http://mycity.sulekha.com/contact-us
2016-06-14 11:58:56-0500 [article_spider] DEBUG: Crawled (200) <GET http://www.findmeglutenfree.com/us/fl/miami/grocery-stores> (referer: https://www.google.com.ni/search?q=grocery+store+miami&start=20)
2016-06-14 11:58:56-0500 [article_spider] DEBUG: wholehtml           None
2016-06-14 11:58:56-0500 [article_spider] DEBUG: Current URL is ## http://www.findmeglutenfree.com/us/fl/miami/grocery-stores ## and response URL is $$ http://www.findmeglutenfree.com/advertise
2016-06-14 11:58:56-0500 [article_spider] DEBUG: Crawled (200) <GET https://www.facebook.com/pages/Strawberry-Food-Market/132267700151664> (referer: https://www.google.com.ni/search?q=grocery+store+miami&start=10)
2016-06-14 11:58:56-0500 [article_spider] DEBUG: wholehtml           '(305) 430-9567'
2016-06-14 11:58:56-0500 [article_spider] DEBUG: No more deepsearch... continue!
2016-06-14 11:58:56-0500 [article_spider] DEBUG: Crawled (200) <GET http://local.miamiok.com/miami-OK/shopping/grocery-store/Notts-Grocery-918-542-5390> (referer: https://www.google.com.ni/search?q=grocery+store+miami&start=20)
2016-06-14 11:58:56-0500 [article_spider] DEBUG: Website added/updated to MongoDB database!
2016-06-14 11:58:56-0500 [article_spider] DEBUG: Scraped from <200 https://www.facebook.com/pages/Strawberry-Food-Market/132267700151664>
	{u'url': u'https://www.facebook.com/pages/Strawberry-Food-Market/132267700151664',
	 u'wholehtml': u'(305) 430-9567'}
2016-06-14 11:58:56-0500 [article_spider] DEBUG: wholehtml           '918-542-5390'
2016-06-14 11:58:56-0500 [article_spider] DEBUG: No more deepsearch... continue!
2016-06-14 11:58:56-0500 [article_spider] DEBUG: Crawled (200) <GET http://secure.miamibeach411.com/help.php?section=contactus> (referer: http://www.miamibeach411.com/Shopping/shop-grocery.htm)
2016-06-14 11:58:56-0500 [article_spider] DEBUG: Website added/updated to MongoDB database!
2016-06-14 11:58:56-0500 [article_spider] DEBUG: Scraped from <200 http://local.miamiok.com/miami-OK/shopping/grocery-store/Notts-Grocery-918-542-5390>
	{u'url': u'http://local.miamiok.com/miami-OK/shopping/grocery-store/Notts-Grocery-918-542-5390',
	 u'wholehtml': u'918-542-5390'}
2016-06-14 11:58:56-0500 [article_spider] DEBUG: wholehtml           '305-754-2206'
2016-06-14 11:58:56-0500 [article_spider] DEBUG: Current URL is ## http://secure.miamibeach411.com/help.php?section=contactus ## and response URL is $$ http://secure.miamibeach411.com/help.php?section=contactus&mode=update
2016-06-14 11:58:56-0500 [article_spider] DEBUG: Crawled (200) <GET https://www.winndixie.com/locator> (referer: https://www.google.com.ni/search?q=grocery+store+miami&start=20)
2016-06-14 11:58:56-0500 [article_spider] DEBUG: wholehtml           '120-1482'
2016-06-14 11:58:56-0500 [article_spider] DEBUG: Current URL is ## https://www.winndixie.com/locator ## and response URL is $$ https://www.winndixie.com/about/contact
2016-06-14 11:58:56-0500 [article_spider] DEBUG: Crawled (200) <GET https://local.yahoo.com/FL/Miami/Food+Dining/Grocery+Stores> (referer: https://www.google.com.ni/search?q=grocery+store+miami&start=10)
2016-06-14 11:58:56-0500 [article_spider] DEBUG: wholehtml           '(305) 661-1432'
2016-06-14 11:58:56-0500 [article_spider] DEBUG: No more deepsearch... continue!
2016-06-14 11:58:56-0500 [article_spider] DEBUG: Website added/updated to MongoDB database!
2016-06-14 11:58:56-0500 [article_spider] DEBUG: Scraped from <200 https://local.yahoo.com/FL/Miami/Food+Dining/Grocery+Stores>
	{u'url': u'https://local.yahoo.com/FL/Miami/Food%2BDining/Grocery%2BStores',
	 u'wholehtml': u'(305) 661-1432'}
2016-06-14 11:58:56-0500 [article_spider] DEBUG: Crawled (200) <GET http://www.walmartcontacts.com/howtoorder> (referer: http://www.walmartcontacts.com/)
2016-06-14 11:58:56-0500 [article_spider] DEBUG: wholehtml           '800-741-5367'
2016-06-14 11:58:56-0500 [article_spider] DEBUG: Current URL is ## http://www.walmartcontacts.com/howtoorder ## and response URL is $$ http://www.walmartcontacts.com/howtoorder
2016-06-14 11:58:57-0500 [article_spider] DEBUG: Website added/updated to MongoDB database!
2016-06-14 11:58:57-0500 [article_spider] DEBUG: Scraped from <200 http://www.walmartcontacts.com/howtoorder>
	{u'url': u'http://www.walmart.com/cp/food/976759',
	 u'wholehtml': u'800-741-5367'}
2016-06-14 11:58:57-0500 [article_spider] DEBUG: Crawled (200) <GET http://www.dexmedia.com/about/corporate/> (referer: http://advertising.superpages.com/contact/)
2016-06-14 11:58:57-0500 [article_spider] DEBUG: wholehtml           '844-339-6334'
2016-06-14 11:58:57-0500 [article_spider] DEBUG: Current URL is ## http://www.dexmedia.com/about/corporate/ ## and response URL is $$ http://www.dexmedia.com/contact-us/
2016-06-14 11:58:57-0500 [article_spider] DEBUG: Crawled (200) <GET http://www.local10.com/news/man-shot-killed-in-front-of-miami-gardens-grocery-store> (referer: https://www.google.com.ni/search?q=grocery+store+miami&start=20)
2016-06-14 11:58:57-0500 [article_spider] DEBUG: wholehtml           None
2016-06-14 11:58:57-0500 [article_spider] DEBUG: Current URL is ## http://www.local10.com/news/man-shot-killed-in-front-of-miami-gardens-grocery-store ## and response URL is $$ http://www.local10.com/contact
2016-06-14 11:58:57-0500 [article_spider] DEBUG: Crawled (200) <GET https://www.google.com.ni/search?q=grocery+store+miami&start=30> (referer: None)
2016-06-14 11:58:57-0500 [article_spider] INFO: Starting to crawl item 32.
2016-06-14 11:58:57-0500 [article_spider] DEBUG: url                 'http://www.trulia.com/property/3120424020-21746-Grocery-Store-Business-For-Sale-Miami-Beach-FL-33141'
2016-06-14 11:58:57-0500 [article_spider] INFO: Starting to crawl item 33.
2016-06-14 11:58:57-0500 [article_spider] DEBUG: url                 'http://www.bizjournals.com/southflorida/news/2015/08/06/luckys-market-to-open-its-first-south-florida.html'
2016-06-14 11:58:57-0500 [article_spider] INFO: Starting to crawl item 34.
2016-06-14 11:58:57-0500 [article_spider] DEBUG: url                 'http://www.netgrocer.com/'
2016-06-14 11:58:57-0500 [article_spider] INFO: Starting to crawl item 35.
2016-06-14 11:58:57-0500 [article_spider] DEBUG: url                 'https://www.mapquest.com/us/florida/liquor-stores-miami/publix-4420960'
2016-06-14 11:58:57-0500 [article_spider] INFO: Starting to crawl item 36.
2016-06-14 11:58:57-0500 [article_spider] DEBUG: url                 'https://www.livingsocial.com/cities/43-miami/grocery-store-deals'
2016-06-14 11:58:57-0500 [article_spider] INFO: Starting to crawl item 37.
2016-06-14 11:58:57-0500 [article_spider] DEBUG: url                 'http://www.cubanfoodmarket.com/'
2016-06-14 11:58:57-0500 [article_spider] DEBUG: Crawled (200) <GET http://wsvn.com/news/local/video-released-of-grocery-store-stabbing-that-injured-mother-daughter/> (referer: https://www.google.com.ni/search?q=grocery+store+miami&start=20)
2016-06-14 11:58:57-0500 [article_spider] INFO: Starting to crawl item 38.
2016-06-14 11:58:57-0500 [article_spider] DEBUG: url                 'http://www1.salary.com/FL/Miami/Cashier-Grocery-Store-salary.html'
2016-06-14 11:58:57-0500 [article_spider] DEBUG: wholehtml           '(305) 751-6692'
2016-06-14 11:58:57-0500 [article_spider] DEBUG: Current URL is ## http://wsvn.com/news/local/video-released-of-grocery-store-stabbing-that-injured-mother-daughter/ ## and response URL is $$ http://wsvn.com/contact-us/
2016-06-14 11:58:57-0500 [article_spider] INFO: Starting to crawl item 39.
2016-06-14 11:58:57-0500 [article_spider] DEBUG: url                 'https://www.tripadvisor.com/ShowUserReviews-g34438-d495802-r182956642-Norman_Brothers_Produce-Miami_Florida.html'
2016-06-14 11:58:57-0500 [article_spider] DEBUG: Crawled (416) <GET http://www.bizjournals.com/southflorida/news/2015/08/06/luckys-market-to-open-its-first-south-florida.html> (referer: https://www.google.com.ni/search?q=grocery+store+miami&start=30)
2016-06-14 11:58:57-0500 [article_spider] INFO: Starting to crawl item 40.
2016-06-14 11:58:57-0500 [article_spider] DEBUG: url                 'http://www.huffingtonpost.com/entry/8-year-old-robs-grocery-store-florida_us_56b50abae4b04f9b57d99ba7'
2016-06-14 11:58:57-0500 [article_spider] DEBUG: Ignoring response <416 http://www.bizjournals.com/southflorida/news/2015/08/06/luckys-market-to-open-its-first-south-florida.html>: HTTP status code is not handled or not allowed
2016-06-14 11:58:57-0500 [article_spider] INFO: Starting to crawl item 41.
2016-06-14 11:58:57-0500 [article_spider] DEBUG: url                 'https://www.groupon.com/local/miami/groceries-and-markets'
2016-06-14 11:58:57-0500 [article_spider] DEBUG: Crawled (200) <GET http://www.trulia.com/property/3120424020-21746-Grocery-Store-Business-For-Sale-Miami-Beach-FL-33141> (referer: https://www.google.com.ni/search?q=grocery+store+miami&start=30)
2016-06-14 11:58:57-0500 [article_spider] DEBUG: wholehtml           '954-579-9476'
2016-06-14 11:58:57-0500 [article_spider] DEBUG: No more deepsearch... continue!
2016-06-14 11:58:57-0500 [article_spider] DEBUG: Crawled (200) <GET http://www.miamidade.gov/fire/contact.asp> (referer: http://www.miamidade.gov/fire/consumer-survival-kit.asp)
2016-06-14 11:58:57-0500 [article_spider] DEBUG: Website added/updated to MongoDB database!
2016-06-14 11:58:57-0500 [article_spider] DEBUG: Scraped from <200 http://www.trulia.com/property/3120424020-21746-Grocery-Store-Business-For-Sale-Miami-Beach-FL-33141>
	{u'url': u'http://www.trulia.com/property/3120424020-21746-Grocery-Store-Business-For-Sale-Miami-Beach-FL-33141',
	 u'wholehtml': u'954-579-9476'}
2016-06-14 11:58:57-0500 [article_spider] DEBUG: wholehtml           '178-2414'
2016-06-14 11:58:57-0500 [article_spider] DEBUG: Current URL is ## http://www.miamidade.gov/fire/contact.asp ## and response URL is $$ http://www.miamidade.gov/fire/contact.asp
2016-06-14 11:58:57-0500 [article_spider] DEBUG: Website added/updated to MongoDB database!
2016-06-14 11:58:57-0500 [article_spider] DEBUG: Scraped from <200 http://www.miamidade.gov/fire/contact.asp>
	{u'url': u'http://www.miamidade.gov/fire/consumer-survival-kit.asp',
	 u'wholehtml': u'178-2414'}
2016-06-14 11:58:58-0500 [article_spider] DEBUG: Crawled (200) <GET https://www.mapquest.com/us/florida/liquor-stores-miami/publix-4420960> (referer: https://www.google.com.ni/search?q=grocery+store+miami&start=30)
2016-06-14 11:58:58-0500 [article_spider] DEBUG: wholehtml           '(305) 255-8005'
2016-06-14 11:58:58-0500 [article_spider] DEBUG: No more deepsearch... continue!
2016-06-14 11:58:58-0500 [article_spider] DEBUG: Website added/updated to MongoDB database!
2016-06-14 11:58:58-0500 [article_spider] DEBUG: Scraped from <200 https://www.mapquest.com/us/florida/liquor-stores-miami/publix-4420960>
	{u'url': u'https://www.mapquest.com/us/florida/liquor-stores-miami/publix-4420960',
	 u'wholehtml': u'(305) 255-8005'}
2016-06-14 11:58:58-0500 [article_spider] DEBUG: Crawled (200) <GET http://secure.miamibeach411.com/help.php?section=contactus&mode=update> (referer: http://secure.miamibeach411.com/help.php?section=contactus)
2016-06-14 11:58:58-0500 [article_spider] DEBUG: wholehtml           '305-754-2206'
2016-06-14 11:58:58-0500 [article_spider] DEBUG: Current URL is ## http://secure.miamibeach411.com/help.php?section=contactus&mode=update ## and response URL is $$ http://secure.miamibeach411.com/help.php?section=contactus&mode=update
2016-06-14 11:58:58-0500 [article_spider] DEBUG: Crawled (200) <GET https://www.tripadvisor.com/ShowUserReviews-g34438-d495802-r182956642-Norman_Brothers_Produce-Miami_Florida.html> (referer: https://www.google.com.ni/search?q=grocery+store+miami&start=30)
2016-06-14 11:58:58-0500 [article_spider] DEBUG: Website added/updated to MongoDB database!
2016-06-14 11:58:58-0500 [article_spider] DEBUG: Scraped from <200 http://secure.miamibeach411.com/help.php?section=contactus&mode=update>
	{u'url': u'http://www.miamibeach411.com/Shopping/shop-grocery.htm',
	 u'wholehtml': u'305-754-2206'}
2016-06-14 11:58:58-0500 [article_spider] DEBUG: wholehtml           '305 274 9363'
2016-06-14 11:58:58-0500 [article_spider] DEBUG: No more deepsearch... continue!
2016-06-14 11:58:58-0500 [article_spider] DEBUG: Crawled (200) <GET http://www.cubanfoodmarket.com/> (referer: https://www.google.com.ni/search?q=grocery+store+miami&start=30)
2016-06-14 11:58:58-0500 [article_spider] DEBUG: Website added/updated to MongoDB database!
2016-06-14 11:58:58-0500 [article_spider] DEBUG: Scraped from <200 https://www.tripadvisor.com/ShowUserReviews-g34438-d495802-r182956642-Norman_Brothers_Produce-Miami_Florida.html>
	{u'url': u'https://www.tripadvisor.com/ShowUserReviews-g34438-d495802-r182956642-Norman_Brothers_Produce-Miami_Florida.html',
	 u'wholehtml': u'305 274 9363'}
2016-06-14 11:58:58-0500 [article_spider] DEBUG: wholehtml           '563.1473'
2016-06-14 11:58:58-0500 [article_spider] DEBUG: Current URL is ## http://www.cubanfoodmarket.com/ ## and response URL is $$ http://www.cubanfoodmarket.com/mm5/merchant.mvc?Screen=CONTACTUS&Store_Code=CFM
2016-06-14 11:58:58-0500 [article_spider] DEBUG: Crawled (200) <GET http://www1.salary.com/FL/Miami/Cashier-Grocery-Store-salary.html> (referer: https://www.google.com.ni/search?q=grocery+store+miami&start=30)
2016-06-14 11:58:58-0500 [article_spider] DEBUG: wholehtml           '974.2809'
2016-06-14 11:58:58-0500 [article_spider] DEBUG: Current URL is ## http://www1.salary.com/FL/Miami/Cashier-Grocery-Store-salary.html ## and response URL is $$ http://www.salary.com/contact-information/
2016-06-14 11:58:58-0500 [article_spider] DEBUG: Retrying <GET https://citymaps.com/r/united-states/florida/miami/c/grocery-store> (failed 2 times): [<twisted.python.failure.Failure OpenSSL.SSL.Error: [('SSL routines', 'SSL3_READ_BYTES', 'sslv3 alert handshake failure'), ('SSL routines', 'SSL3_WRITE_BYTES', 'ssl handshake failure')]>]
2016-06-14 11:58:58-0500 [article_spider] DEBUG: Crawled (200) <GET http://www.salary.com/contact-information/> (referer: http://www1.salary.com/FL/Miami/Cashier-Grocery-Store-salary.html)
2016-06-14 11:58:58-0500 [article_spider] DEBUG: wholehtml           '920.1595'
2016-06-14 11:58:58-0500 [article_spider] DEBUG: Current URL is ## http://www.salary.com/contact-information/ ## and response URL is $$ http://www.salary.com/contact-information
2016-06-14 11:58:58-0500 [article_spider] DEBUG: Crawled (200) <GET http://www.huffingtonpost.com/entry/8-year-old-robs-grocery-store-florida_us_56b50abae4b04f9b57d99ba7> (referer: https://www.google.com.ni/search?q=grocery+store+miami&start=30)
2016-06-14 11:58:58-0500 [article_spider] DEBUG: wholehtml           None
2016-06-14 11:58:58-0500 [article_spider] DEBUG: Current URL is ## http://www.huffingtonpost.com/entry/8-year-old-robs-grocery-store-florida_us_56b50abae4b04f9b57d99ba7 ## and response URL is $$ http://www.huffingtonpost.com/contact/
2016-06-14 11:58:58-0500 [article_spider] DEBUG: Crawled (200) <GET http://mycity.sulekha.com/contact-us> (referer: http://mycity.sulekha.com/grocery-stores_in-and-near_miami-fl)
2016-06-14 11:58:58-0500 [article_spider] DEBUG: wholehtml           '840.2358'
2016-06-14 11:58:58-0500 [article_spider] DEBUG: Current URL is ## http://mycity.sulekha.com/contact-us ## and response URL is $$ http://mycity.sulekha.com/contact-us
2016-06-14 11:58:58-0500 [article_spider] DEBUG: Crawled (200) <GET https://www.livingsocial.com/cities/43-miami/grocery-store-deals> (referer: https://www.google.com.ni/search?q=grocery+store+miami&start=30)
2016-06-14 11:58:58-0500 [article_spider] DEBUG: Website added/updated to MongoDB database!
2016-06-14 11:58:58-0500 [article_spider] DEBUG: Scraped from <200 http://mycity.sulekha.com/contact-us>
	{u'url': u'http://mycity.sulekha.com/grocery-stores_in-and-near_miami-fl',
	 u'wholehtml': u'840.2358'}
2016-06-14 11:58:58-0500 [article_spider] DEBUG: wholehtml           '315-2002'
2016-06-14 11:58:58-0500 [article_spider] DEBUG: No more deepsearch... continue!
2016-06-14 11:58:58-0500 [article_spider] DEBUG: Website added/updated to MongoDB database!
2016-06-14 11:58:58-0500 [article_spider] DEBUG: Scraped from <200 https://www.livingsocial.com/cities/43-miami/grocery-store-deals>
	{u'url': u'https://www.livingsocial.com/cities/43-miami/grocery-store-deals',
	 u'wholehtml': u'315-2002'}
2016-06-14 11:58:58-0500 [article_spider] DEBUG: Crawled (200) <GET http://www.findmeglutenfree.com/advertise> (referer: http://www.findmeglutenfree.com/us/fl/miami/grocery-stores)
2016-06-14 11:58:58-0500 [article_spider] DEBUG: wholehtml           None
2016-06-14 11:58:58-0500 [article_spider] DEBUG: Current URL is ## http://www.findmeglutenfree.com/advertise ## and response URL is $$ http://www.findmeglutenfree.com/contact
2016-06-14 11:58:59-0500 [article_spider] DEBUG: Crawled (200) <GET https://www.winndixie.com/about/contact> (referer: https://www.winndixie.com/locator)
2016-06-14 11:58:59-0500 [article_spider] DEBUG: wholehtml           '(866) 946-6349'
2016-06-14 11:58:59-0500 [article_spider] DEBUG: Current URL is ## https://www.winndixie.com/about/contact ## and response URL is $$ https://www.winndixie.com/about/contact
2016-06-14 11:58:59-0500 [article_spider] DEBUG: Website added/updated to MongoDB database!
2016-06-14 11:58:59-0500 [article_spider] DEBUG: Scraped from <200 https://www.winndixie.com/about/contact>
	{u'url': u'https://www.winndixie.com/locator', u'wholehtml': u'(866) 946-6349'}
2016-06-14 11:58:59-0500 [article_spider] DEBUG: Crawled (200) <GET http://www.local10.com/contact> (referer: http://www.local10.com/news/man-shot-killed-in-front-of-miami-gardens-grocery-store)
2016-06-14 11:58:59-0500 [article_spider] DEBUG: wholehtml           '954-364-2500'
2016-06-14 11:58:59-0500 [article_spider] DEBUG: Current URL is ## http://www.local10.com/contact ## and response URL is $$ http://www.local10.com/contact
2016-06-14 11:58:59-0500 [article_spider] DEBUG: Website added/updated to MongoDB database!
2016-06-14 11:58:59-0500 [article_spider] DEBUG: Scraped from <200 http://www.local10.com/contact>
	{u'url': u'http://www.local10.com/news/man-shot-killed-in-front-of-miami-gardens-grocery-store',
	 u'wholehtml': u'954-364-2500'}
2016-06-14 11:58:59-0500 [article_spider] DEBUG: Crawled (200) <GET https://www.groupon.com/local/miami/groceries-and-markets> (referer: https://www.google.com.ni/search?q=grocery+store+miami&start=30)
2016-06-14 11:58:59-0500 [article_spider] DEBUG: wholehtml           '114-0682'
2016-06-14 11:58:59-0500 [article_spider] DEBUG: No more deepsearch... continue!
2016-06-14 11:58:59-0500 [article_spider] DEBUG: Website added/updated to MongoDB database!
2016-06-14 11:58:59-0500 [article_spider] DEBUG: Scraped from <200 https://www.groupon.com/local/miami/groceries-and-markets>
	{u'url': u'https://www.groupon.com/local/miami/groceries-and-markets',
	 u'wholehtml': u'114-0682'}
2016-06-14 11:58:59-0500 [article_spider] DEBUG: Crawled (200) <GET http://www.netgrocer.com/> (referer: https://www.google.com.ni/search?q=grocery+store+miami&start=30)
2016-06-14 11:58:59-0500 [article_spider] DEBUG: wholehtml           None
2016-06-14 11:58:59-0500 [article_spider] DEBUG: No more deepsearch... continue!
2016-06-14 11:58:59-0500 [article_spider] DEBUG: Website added/updated to MongoDB database!
2016-06-14 11:58:59-0500 [article_spider] DEBUG: Scraped from <200 http://www.netgrocer.com/>
	{u'url': u'http://www.netgrocer.com/'}
2016-06-14 11:58:59-0500 [article_spider] DEBUG: Crawled (200) <GET http://wsvn.com/contact-us/> (referer: http://wsvn.com/news/local/video-released-of-grocery-store-stabbing-that-injured-mother-daughter/)
2016-06-14 11:58:59-0500 [article_spider] DEBUG: wholehtml           '(305) 751-6692'
2016-06-14 11:58:59-0500 [article_spider] DEBUG: Current URL is ## http://wsvn.com/contact-us/ ## and response URL is $$ http://wsvn.com/contact-us/
2016-06-14 11:58:59-0500 [article_spider] DEBUG: Website added/updated to MongoDB database!
2016-06-14 11:58:59-0500 [article_spider] DEBUG: Scraped from <200 http://wsvn.com/contact-us/>
	{u'url': u'http://wsvn.com/news/local/video-released-of-grocery-store-stabbing-that-injured-mother-daughter/',
	 u'wholehtml': u'(305) 751-6692'}
2016-06-14 11:58:59-0500 [article_spider] DEBUG: Crawled (200) <GET http://www.cubanfoodmarket.com/mm5/merchant.mvc?Screen=CONTACTUS&Store_Code=CFM> (referer: http://www.cubanfoodmarket.com/)
2016-06-14 11:58:59-0500 [article_spider] DEBUG: wholehtml           '563.1473'
2016-06-14 11:58:59-0500 [article_spider] DEBUG: Current URL is ## http://www.cubanfoodmarket.com/mm5/merchant.mvc?Screen=CONTACTUS&Store_Code=CFM ## and response URL is $$ http://www.cubanfoodmarket.com/mm5/merchant.mvc?Screen=CONTACTUS&Store_Code=CFM
2016-06-14 11:58:59-0500 [article_spider] DEBUG: Website added/updated to MongoDB database!
2016-06-14 11:58:59-0500 [article_spider] DEBUG: Scraped from <200 http://www.cubanfoodmarket.com/mm5/merchant.mvc?Screen=CONTACTUS&Store_Code=CFM>
	{u'url': u'http://www.cubanfoodmarket.com/', u'wholehtml': u'563.1473'}
2016-06-14 11:58:59-0500 [article_spider] DEBUG: Crawled (200) <GET http://www.dexmedia.com/contact-us/> (referer: http://www.dexmedia.com/about/corporate/)
2016-06-14 11:58:59-0500 [article_spider] DEBUG: wholehtml           '855-239-6503'
2016-06-14 11:58:59-0500 [article_spider] DEBUG: Current URL is ## http://www.dexmedia.com/contact-us/ ## and response URL is $$ http://www.dexmedia.com/contact-us/
2016-06-14 11:58:59-0500 [article_spider] DEBUG: Website added/updated to MongoDB database!
2016-06-14 11:58:59-0500 [article_spider] DEBUG: Scraped from <200 http://www.dexmedia.com/contact-us/>
	{u'url': u'http://www.superpages.com/yellowpages/c-grocery%2Bstores%2B%2526%2Bsupermarkets/s-fl/t-miami/',
	 u'wholehtml': u'855-239-6503'}
2016-06-14 11:59:00-0500 [article_spider] DEBUG: Gave up retrying <GET https://citymaps.com/r/united-states/florida/miami/c/grocery-store> (failed 3 times): [<twisted.python.failure.Failure OpenSSL.SSL.Error: [('SSL routines', 'SSL3_READ_BYTES', 'sslv3 alert handshake failure'), ('SSL routines', 'SSL3_WRITE_BYTES', 'ssl handshake failure')]>]
2016-06-14 11:59:00-0500 [article_spider] ERROR: Error downloading <GET https://citymaps.com/r/united-states/florida/miami/c/grocery-store>: [<twisted.python.failure.Failure OpenSSL.SSL.Error: [('SSL routines', 'SSL3_READ_BYTES', 'sslv3 alert handshake failure'), ('SSL routines', 'SSL3_WRITE_BYTES', 'ssl handshake failure')]>]
2016-06-14 11:59:00-0500 [article_spider] DEBUG: Redirecting (301) to <GET http://www.salary.com/contact-information/> from <GET http://www.salary.com/contact-information>
2016-06-14 11:59:00-0500 [article_spider] DEBUG: Crawled (200) <GET http://www.findmeglutenfree.com/contact> (referer: http://www.findmeglutenfree.com/advertise)
2016-06-14 11:59:00-0500 [article_spider] DEBUG: wholehtml           None
2016-06-14 11:59:00-0500 [article_spider] DEBUG: Current URL is ## http://www.findmeglutenfree.com/contact ## and response URL is $$ http://www.findmeglutenfree.com/contact
2016-06-14 11:59:00-0500 [article_spider] DEBUG: Website added/updated to MongoDB database!
2016-06-14 11:59:00-0500 [article_spider] DEBUG: Scraped from <200 http://www.findmeglutenfree.com/contact>
	{u'url': u'http://www.findmeglutenfree.com/us/fl/miami/grocery-stores'}
2016-06-14 11:59:01-0500 [article_spider] DEBUG: Crawled (200) <GET http://www.huffingtonpost.com/contact/> (referer: http://www.huffingtonpost.com/entry/8-year-old-robs-grocery-store-florida_us_56b50abae4b04f9b57d99ba7)
2016-06-14 11:59:01-0500 [article_spider] DEBUG: wholehtml           None
2016-06-14 11:59:01-0500 [article_spider] DEBUG: Current URL is ## http://www.huffingtonpost.com/contact/ ## and response URL is $$ https://docs.google.com/forms/d/1dh09BIRPg548U-jxg-VwgYCPYmyufwTQg43a36tIf6k/viewform
2016-06-14 11:59:01-0500 [article_spider] DEBUG: Crawled (200) <GET https://docs.google.com/forms/d/1dh09BIRPg548U-jxg-VwgYCPYmyufwTQg43a36tIf6k/viewform> (referer: http://www.huffingtonpost.com/contact/)
2016-06-14 11:59:01-0500 [article_spider] DEBUG: wholehtml           '500-1000'
2016-06-14 11:59:01-0500 [article_spider] DEBUG: No more deepsearch... continue!
2016-06-14 11:59:01-0500 [article_spider] DEBUG: Website added/updated to MongoDB database!
2016-06-14 11:59:01-0500 [article_spider] DEBUG: Scraped from <200 https://docs.google.com/forms/d/1dh09BIRPg548U-jxg-VwgYCPYmyufwTQg43a36tIf6k/viewform>
	{u'url': u'http://www.huffingtonpost.com/entry/8-year-old-robs-grocery-store-florida_us_56b50abae4b04f9b57d99ba7',
	 u'wholehtml': u'500-1000'}
2016-06-14 11:59:01-0500 [article_spider] INFO: Closing spider (finished)
2016-06-14 11:59:01-0500 [article_spider] INFO: Scheduler runtime updated (Next action time: 2016-06-14 16:06, Next action factor: 16.9, Zero actions: 19)
2016-06-14 11:59:01-0500 [article_spider] INFO: Dumping Scrapy stats:
	{'downloader/exception_count': 3,
	 'downloader/exception_type_count/twisted.web._newclient.ResponseNeverReceived': 3,
	 'downloader/request_bytes': 27121,
	 'downloader/request_count': 76,
	 'downloader/request_method_count/GET': 76,
	 'downloader/response_bytes': 1655912,
	 'downloader/response_count': 73,
	 'downloader/response_status_count/200': 67,
	 'downloader/response_status_count/301': 4,
	 'downloader/response_status_count/416': 1,
	 'downloader/response_status_count/500': 1,
	 'dupefilter/filtered': 2,
	 'finish_reason': 'finished',
	 'finish_time': datetime.datetime(2016, 6, 14, 16, 59, 1, 495674),
	 'item_scraped_count': 36,
	 'log_count/DEBUG': 319,
	 'log_count/ERROR': 2,
	 'log_count/INFO': 49,
	 'request_depth_max': 4,
	 'response_received_count': 68,
	 'scheduler/dequeued': 76,
	 'scheduler/dequeued/memory': 76,
	 'scheduler/enqueued': 76,
	 'scheduler/enqueued/memory': 76,
	 'start_time': datetime.datetime(2016, 6, 14, 16, 58, 49, 706216)}
2016-06-14 11:59:01-0500 [article_spider] INFO: Spider closed (finished)
