2016-05-10 08:10:53-0500 [scrapy] INFO: Scrapy 0.24.6 started (bot: scraperfunc)
2016-05-10 08:10:53-0500 [scrapy] INFO: Optional features available: ssl, http11, django
2016-05-10 08:10:53-0500 [scrapy] INFO: Overridden settings: {'SPIDER_MODULES': ['dynamic_scraper.spiders', 'scraperfunc.scraper'], 'LOG_STDOUT': True, 'LOG_FILE': 'logs/default/article_spider/9c5e02fe16b011e6a43e0242ac11f8de.log', 'USER_AGENT': 'scraperfunc/1.0', 'BOT_NAME': 'scraperfunc'}
2016-05-10 08:10:53-0500 [scrapy] INFO: Enabled extensions: LogStats, TelnetConsole, CloseSpider, WebService, CoreStats, SpiderState, ExtensionThatAccessStats
2016-05-10 08:10:53-0500 [scrapy] INFO: Enabled downloader middlewares: HttpAuthMiddleware, DownloadTimeoutMiddleware, UserAgentMiddleware, RetryMiddleware, DefaultHeadersMiddleware, MetaRefreshMiddleware, HttpCompressionMiddleware, RedirectMiddleware, CookiesMiddleware, ChunkedTransferMiddleware, DownloaderStats
2016-05-10 08:10:53-0500 [scrapy] INFO: Enabled spider middlewares: HttpErrorMiddleware, OffsiteMiddleware, RefererMiddleware, UrlLengthMiddleware, DepthMiddleware
2016-05-10 08:10:53-0500 [scrapy] INFO: Enabled item pipelines: DjangoImagesPipeline, MongoDBPipeline
2016-05-10 08:10:53-0500 [article_spider] INFO: Spider opened
2016-05-10 08:10:53-0500 [article_spider] INFO: Crawled 0 pages (at 0 pages/min), scraped 0 items (at 0 items/min)
2016-05-10 08:10:53-0500 [scrapy] DEBUG: Telnet console listening on 127.0.0.1:6023
2016-05-10 08:10:53-0500 [scrapy] DEBUG: Web service listening on 127.0.0.1:6080
2016-05-10 08:10:53-0500 [article_spider] DEBUG: Crawled (200) <GET https://www.google.com.ni/search?q=reddit+4chan> (referer: None)
2016-05-10 08:10:53-0500 [article_spider] INFO: Starting to crawl item 1.
2016-05-10 08:10:53-0500 [article_spider] DEBUG: uniqueid            'http://www.reddit.com/r/4chan/'
2016-05-10 08:10:53-0500 [article_spider] DEBUG: el1                 '<div class="s"><div class="kv" style="margin-bottom:2px"><cite>https://www.<b>reddit</b>.com/r/<b>4chan</b>/</cite><div class="_nBb"><div style="display:inline" onclick="google.sham(this);" aria-expanded="false" aria-haspopup="true" tabindex="0" data-ved="0ahUKEwi1iv-8ys_MAhUD9YMKHeQfA7QQ7B0IFTAA"><span class="_O0"></span></div><div style="display:none" class="am-dropdown-menu" role="menu" tabindex="-1"><ul><li class="_Ykb"><a class="_Zkb" href="/url?q=http://webcache.googleusercontent.com/search%3Fq%3Dcache:WuWfm4u8k9EJ:https://www.reddit.com/r/4chan/%252Breddit%2B4chan%26hl%3Des-419%26ct%3Dclnk&amp;sa=U&amp;ved=0ahUKEwi1iv-8ys_MAhUD9YMKHeQfA7QQIAgXMAA&amp;usg=AFQjCNEjGwWPkzQ_EQIIwVLGRqJFH1tQhg">En caché</a></li><li class="_Ykb"><a class="_Zkb" href="/search?ie=UTF-8&amp;q=related:https://www.reddit.com/r/4chan/+reddit+4chan&amp;tbo=1&amp;sa=X&amp;ved=0ahUKEwi1iv-8ys_MAhUD9YMKHeQfA7QQHwgYMAA">Similares</a></li></ul></div></div></div><span class="st">We believe it's a shitty, destructive echo chamber that does much more public <br>
	harm than anything <b>4chan</b> has ever done. We think it discourages <br>
	communication ...</span><br></div>'
2016-05-10 08:10:53-0500 [article_spider] DEBUG: Website added/updated to MongoDB database!
2016-05-10 08:10:53-0500 [article_spider] DEBUG: Scraped from <200 https://www.google.com.ni/search?q=reddit+4chan>
	{u'el1': u'<div class="s"><div class="kv" style="margin-bottom:2px"><cite>https://www.<b>reddit</b>.com/r/<b>4chan</b>/</cite><div class="_nBb"><div style="display:inline" onclick="google.sham(this);" aria-expanded="false" aria-haspopup="true" tabindex="0" data-ved="0ahUKEwi1iv-8ys_MAhUD9YMKHeQfA7QQ7B0IFTAA"><span class="_O0"></span></div><div style="display:none" class="am-dropdown-menu" role="menu" tabindex="-1"><ul><li class="_Ykb"><a class="_Zkb" href="/url?q=http://webcache.googleusercontent.com/search%3Fq%3Dcache:WuWfm4u8k9EJ:https://www.reddit.com/r/4chan/%252Breddit%2B4chan%26hl%3Des-419%26ct%3Dclnk&amp;sa=U&amp;ved=0ahUKEwi1iv-8ys_MAhUD9YMKHeQfA7QQIAgXMAA&amp;usg=AFQjCNEjGwWPkzQ_EQIIwVLGRqJFH1tQhg">En cach\xe9</a></li><li class="_Ykb"><a class="_Zkb" href="/search?ie=UTF-8&amp;q=related:https://www.reddit.com/r/4chan/+reddit+4chan&amp;tbo=1&amp;sa=X&amp;ved=0ahUKEwi1iv-8ys_MAhUD9YMKHeQfA7QQHwgYMAA">Similares</a></li></ul></div></div></div><span class="st">We believe it\'s a shitty, destructive echo chamber that does much more public <br>\nharm than anything <b>4chan</b> has ever done. We think it discourages <br>\ncommunication\xa0...</span><br></div>',
	 u'uniqueid': u'http://www.reddit.com/r/4chan/'}
2016-05-10 08:10:53-0500 [article_spider] INFO: Starting to crawl item 2.
2016-05-10 08:10:53-0500 [article_spider] DEBUG: uniqueid            'http://www.reddit.com/r/greentext'
2016-05-10 08:10:53-0500 [article_spider] DEBUG: el1                 '<div class="s"><div class="kv" style="margin-bottom:2px"><cite>https://www.<b>reddit</b>.com/r/greentext</cite><div class="_nBb"><div style="display:inline" onclick="google.sham(this);" aria-expanded="false" aria-haspopup="true" tabindex="0" data-ved="0ahUKEwi1iv-8ys_MAhUD9YMKHeQfA7QQ7B0IJzAG"><span class="_O0"></span></div><div style="display:none" class="am-dropdown-menu" role="menu" tabindex="-1"><ul><li class="_Ykb"><a class="_Zkb" href="/url?q=http://webcache.googleusercontent.com/search%3Fq%3Dcache:QqUamLzXf5kJ:https://www.reddit.com/r/greentext%252Breddit%2B4chan%26hl%3Des-419%26ct%3Dclnk&amp;sa=U&amp;ved=0ahUKEwi1iv-8ys_MAhUD9YMKHeQfA7QQIAgpMAY&amp;usg=AFQjCNETVmCVzTIBgE3f6LaTbF49Net7cA">En caché</a></li><li class="_Ykb"><a class="_Zkb" href="/search?ie=UTF-8&amp;q=related:https://www.reddit.com/r/greentext+reddit+4chan&amp;tbo=1&amp;sa=X&amp;ved=0ahUKEwi1iv-8ys_MAhUD9YMKHeQfA7QQHwgqMAY">Similares</a></li></ul></div></div></div><span class="st">Welcome to the realm of the most anti-climactic short stories from the internet. If <br>
	you want to go outside the greentext boundaries, /r/<b>4chan</b> would be happy to ...</span><br></div>'
2016-05-10 08:10:53-0500 [article_spider] DEBUG: Website added/updated to MongoDB database!
2016-05-10 08:10:53-0500 [article_spider] DEBUG: Scraped from <200 https://www.google.com.ni/search?q=reddit+4chan>
	{u'el1': u'<div class="s"><div class="kv" style="margin-bottom:2px"><cite>https://www.<b>reddit</b>.com/r/greentext</cite><div class="_nBb"><div style="display:inline" onclick="google.sham(this);" aria-expanded="false" aria-haspopup="true" tabindex="0" data-ved="0ahUKEwi1iv-8ys_MAhUD9YMKHeQfA7QQ7B0IJzAG"><span class="_O0"></span></div><div style="display:none" class="am-dropdown-menu" role="menu" tabindex="-1"><ul><li class="_Ykb"><a class="_Zkb" href="/url?q=http://webcache.googleusercontent.com/search%3Fq%3Dcache:QqUamLzXf5kJ:https://www.reddit.com/r/greentext%252Breddit%2B4chan%26hl%3Des-419%26ct%3Dclnk&amp;sa=U&amp;ved=0ahUKEwi1iv-8ys_MAhUD9YMKHeQfA7QQIAgpMAY&amp;usg=AFQjCNETVmCVzTIBgE3f6LaTbF49Net7cA">En cach\xe9</a></li><li class="_Ykb"><a class="_Zkb" href="/search?ie=UTF-8&amp;q=related:https://www.reddit.com/r/greentext+reddit+4chan&amp;tbo=1&amp;sa=X&amp;ved=0ahUKEwi1iv-8ys_MAhUD9YMKHeQfA7QQHwgqMAY">Similares</a></li></ul></div></div></div><span class="st">Welcome to the realm of the most anti-climactic short stories from the internet. If <br>\nyou want to go outside the greentext boundaries, /r/<b>4chan</b> would be happy to\xa0...</span><br></div>',
	 u'uniqueid': u'http://www.reddit.com/r/greentext'}
2016-05-10 08:10:53-0500 [article_spider] INFO: Starting to crawl item 3.
2016-05-10 08:10:53-0500 [article_spider] DEBUG: uniqueid            'http://www.reddit.com/r/DnDGreentext/'
2016-05-10 08:10:53-0500 [article_spider] DEBUG: el1                 '<div class="s"><div class="kv" style="margin-bottom:2px"><cite>https://www.<b>reddit</b>.com/r/DnDGreentext/</cite><div class="_nBb"><div style="display:inline" onclick="google.sham(this);" aria-expanded="false" aria-haspopup="true" tabindex="0" data-ved="0ahUKEwi1iv-8ys_MAhUD9YMKHeQfA7QQ7B0ILTAH"><span class="_O0"></span></div><div style="display:none" class="am-dropdown-menu" role="menu" tabindex="-1"><ul><li class="_Ykb"><a class="_Zkb" href="/url?q=http://webcache.googleusercontent.com/search%3Fq%3Dcache:y8Z0Ljzaak4J:https://www.reddit.com/r/DnDGreentext/%252Breddit%2B4chan%26hl%3Des-419%26ct%3Dclnk&amp;sa=U&amp;ved=0ahUKEwi1iv-8ys_MAhUD9YMKHeQfA7QQIAgvMAc&amp;usg=AFQjCNHVjAMseFiHkm1lozsrzhILsqXyyw">En caché</a></li><li class="_Ykb"><a class="_Zkb" href="/search?ie=UTF-8&amp;q=related:https://www.reddit.com/r/DnDGreentext/+reddit+4chan&amp;tbo=1&amp;sa=X&amp;ved=0ahUKEwi1iv-8ys_MAhUD9YMKHeQfA7QQHwgwMAc">Similares</a></li></ul></div></div></div><span class="st">Hall of Fame. Visit our Hall of Fame for the best posts of all time. Subreddit rules. <br>
	Please abide by rediquette. Submissions must relate in some way to tabletop ...</span><br></div>'
2016-05-10 08:10:53-0500 [article_spider] DEBUG: Website added/updated to MongoDB database!
2016-05-10 08:10:53-0500 [article_spider] DEBUG: Scraped from <200 https://www.google.com.ni/search?q=reddit+4chan>
	{u'el1': u'<div class="s"><div class="kv" style="margin-bottom:2px"><cite>https://www.<b>reddit</b>.com/r/DnDGreentext/</cite><div class="_nBb"><div style="display:inline" onclick="google.sham(this);" aria-expanded="false" aria-haspopup="true" tabindex="0" data-ved="0ahUKEwi1iv-8ys_MAhUD9YMKHeQfA7QQ7B0ILTAH"><span class="_O0"></span></div><div style="display:none" class="am-dropdown-menu" role="menu" tabindex="-1"><ul><li class="_Ykb"><a class="_Zkb" href="/url?q=http://webcache.googleusercontent.com/search%3Fq%3Dcache:y8Z0Ljzaak4J:https://www.reddit.com/r/DnDGreentext/%252Breddit%2B4chan%26hl%3Des-419%26ct%3Dclnk&amp;sa=U&amp;ved=0ahUKEwi1iv-8ys_MAhUD9YMKHeQfA7QQIAgvMAc&amp;usg=AFQjCNHVjAMseFiHkm1lozsrzhILsqXyyw">En cach\xe9</a></li><li class="_Ykb"><a class="_Zkb" href="/search?ie=UTF-8&amp;q=related:https://www.reddit.com/r/DnDGreentext/+reddit+4chan&amp;tbo=1&amp;sa=X&amp;ved=0ahUKEwi1iv-8ys_MAhUD9YMKHeQfA7QQHwgwMAc">Similares</a></li></ul></div></div></div><span class="st">Hall of Fame. Visit our Hall of Fame for the best posts of all time. Subreddit rules. <br>\nPlease abide by rediquette. Submissions must relate in some way to tabletop\xa0...</span><br></div>',
	 u'uniqueid': u'http://www.reddit.com/r/DnDGreentext/'}
2016-05-10 08:10:53-0500 [article_spider] INFO: Starting to crawl item 4.
2016-05-10 08:10:53-0500 [article_spider] DEBUG: uniqueid            'http://www.reddit.com/r/makeyourchoice'
2016-05-10 08:10:53-0500 [article_spider] DEBUG: el1                 '<div class="s"><div class="kv" style="margin-bottom:2px"><cite>https://www.<b>reddit</b>.com/r/makeyourchoice</cite><div class="_nBb"><div style="display:inline" onclick="google.sham(this);" aria-expanded="false" aria-haspopup="true" tabindex="0" data-ved="0ahUKEwi1iv-8ys_MAhUD9YMKHeQfA7QQ7B0IMzAI"><span class="_O0"></span></div><div style="display:none" class="am-dropdown-menu" role="menu" tabindex="-1"><ul><li class="_Ykb"><a class="_Zkb" href="/url?q=http://webcache.googleusercontent.com/search%3Fq%3Dcache:8qVVLHVkZFAJ:https://www.reddit.com/r/makeyourchoice%252Breddit%2B4chan%26hl%3Des-419%26ct%3Dclnk&amp;sa=U&amp;ved=0ahUKEwi1iv-8ys_MAhUD9YMKHeQfA7QQIAg1MAg&amp;usg=AFQjCNEtaXLmzuEsXkyF1cy2ewMlSw8ODA">En caché</a></li><li class="_Ykb"><a class="_Zkb" href="/search?ie=UTF-8&amp;q=related:https://www.reddit.com/r/makeyourchoice+reddit+4chan&amp;tbo=1&amp;sa=X&amp;ved=0ahUKEwi1iv-8ys_MAhUD9YMKHeQfA7QQHwg2MAg">Similares</a></li></ul></div></div></div><span class="st">We are not <b>4chan</b>. We do not tolerate you talking shit to others on here, or looking <br>
	down on them for their choices. These type of comments/posts will be removed ...</span><br></div>'
2016-05-10 08:10:53-0500 [article_spider] DEBUG: Website added/updated to MongoDB database!
2016-05-10 08:10:53-0500 [article_spider] DEBUG: Scraped from <200 https://www.google.com.ni/search?q=reddit+4chan>
	{u'el1': u'<div class="s"><div class="kv" style="margin-bottom:2px"><cite>https://www.<b>reddit</b>.com/r/makeyourchoice</cite><div class="_nBb"><div style="display:inline" onclick="google.sham(this);" aria-expanded="false" aria-haspopup="true" tabindex="0" data-ved="0ahUKEwi1iv-8ys_MAhUD9YMKHeQfA7QQ7B0IMzAI"><span class="_O0"></span></div><div style="display:none" class="am-dropdown-menu" role="menu" tabindex="-1"><ul><li class="_Ykb"><a class="_Zkb" href="/url?q=http://webcache.googleusercontent.com/search%3Fq%3Dcache:8qVVLHVkZFAJ:https://www.reddit.com/r/makeyourchoice%252Breddit%2B4chan%26hl%3Des-419%26ct%3Dclnk&amp;sa=U&amp;ved=0ahUKEwi1iv-8ys_MAhUD9YMKHeQfA7QQIAg1MAg&amp;usg=AFQjCNEtaXLmzuEsXkyF1cy2ewMlSw8ODA">En cach\xe9</a></li><li class="_Ykb"><a class="_Zkb" href="/search?ie=UTF-8&amp;q=related:https://www.reddit.com/r/makeyourchoice+reddit+4chan&amp;tbo=1&amp;sa=X&amp;ved=0ahUKEwi1iv-8ys_MAhUD9YMKHeQfA7QQHwg2MAg">Similares</a></li></ul></div></div></div><span class="st">We are not <b>4chan</b>. We do not tolerate you talking shit to others on here, or looking <br>\ndown on them for their choices. These type of comments/posts will be removed\xa0...</span><br></div>',
	 u'uniqueid': u'http://www.reddit.com/r/makeyourchoice'}
2016-05-10 08:10:53-0500 [article_spider] INFO: Starting to crawl item 5.
2016-05-10 08:10:53-0500 [article_spider] DEBUG: uniqueid            'http://www.reddit.com/r/wallstreetbets/'
2016-05-10 08:10:53-0500 [article_spider] DEBUG: el1                 '<div class="s"><div class="kv" style="margin-bottom:2px"><cite>https://www.<b>reddit</b>.com/r/wallstreetbets/</cite><div class="_nBb"><div style="display:inline" onclick="google.sham(this);" aria-expanded="false" aria-haspopup="true" tabindex="0" data-ved="0ahUKEwi1iv-8ys_MAhUD9YMKHeQfA7QQ7B0IOTAJ"><span class="_O0"></span></div><div style="display:none" class="am-dropdown-menu" role="menu" tabindex="-1"><ul><li class="_Ykb"><a class="_Zkb" href="/url?q=http://webcache.googleusercontent.com/search%3Fq%3Dcache:ovX39fGJr80J:https://www.reddit.com/r/wallstreetbets/%252Breddit%2B4chan%26hl%3Des-419%26ct%3Dclnk&amp;sa=U&amp;ved=0ahUKEwi1iv-8ys_MAhUD9YMKHeQfA7QQIAg7MAk&amp;usg=AFQjCNEbmD-4mxBfmRZsVWeqVINHE3JbBA">En caché</a></li><li class="_Ykb"><a class="_Zkb" href="/search?ie=UTF-8&amp;q=related:https://www.reddit.com/r/wallstreetbets/+reddit+4chan&amp;tbo=1&amp;sa=X&amp;ved=0ahUKEwi1iv-8ys_MAhUD9YMKHeQfA7QQHwg8MAk">Similares</a></li></ul></div></div></div><span class="st"><b>reddit</b>: the front page of the internet. ... get the best of <b>reddit</b>, delivered once a <br>
	week. email: subscribe. ×. what's this? This sponsored link is an advertisement ...</span><br></div>'
2016-05-10 08:10:53-0500 [article_spider] DEBUG: Website added/updated to MongoDB database!
2016-05-10 08:10:53-0500 [article_spider] DEBUG: Scraped from <200 https://www.google.com.ni/search?q=reddit+4chan>
	{u'el1': u'<div class="s"><div class="kv" style="margin-bottom:2px"><cite>https://www.<b>reddit</b>.com/r/wallstreetbets/</cite><div class="_nBb"><div style="display:inline" onclick="google.sham(this);" aria-expanded="false" aria-haspopup="true" tabindex="0" data-ved="0ahUKEwi1iv-8ys_MAhUD9YMKHeQfA7QQ7B0IOTAJ"><span class="_O0"></span></div><div style="display:none" class="am-dropdown-menu" role="menu" tabindex="-1"><ul><li class="_Ykb"><a class="_Zkb" href="/url?q=http://webcache.googleusercontent.com/search%3Fq%3Dcache:ovX39fGJr80J:https://www.reddit.com/r/wallstreetbets/%252Breddit%2B4chan%26hl%3Des-419%26ct%3Dclnk&amp;sa=U&amp;ved=0ahUKEwi1iv-8ys_MAhUD9YMKHeQfA7QQIAg7MAk&amp;usg=AFQjCNEbmD-4mxBfmRZsVWeqVINHE3JbBA">En cach\xe9</a></li><li class="_Ykb"><a class="_Zkb" href="/search?ie=UTF-8&amp;q=related:https://www.reddit.com/r/wallstreetbets/+reddit+4chan&amp;tbo=1&amp;sa=X&amp;ved=0ahUKEwi1iv-8ys_MAhUD9YMKHeQfA7QQHwg8MAk">Similares</a></li></ul></div></div></div><span class="st"><b>reddit</b>: the front page of the internet. ... get the best of <b>reddit</b>, delivered once a <br>\nweek. email: subscribe. \xd7. what\'s this? This sponsored link is an advertisement\xa0...</span><br></div>',
	 u'uniqueid': u'http://www.reddit.com/r/wallstreetbets/'}
2016-05-10 08:10:53-0500 [article_spider] INFO: Starting to crawl item 6.
2016-05-10 08:10:53-0500 [article_spider] DEBUG: uniqueid            'http://www.quora.com/Whats-so-great-about-Reddit-and-4chan'
2016-05-10 08:10:53-0500 [article_spider] DEBUG: el1                 '<div class="s"><div class="kv" style="margin-bottom:2px"><cite>https://www.quora.com/Whats-so-great-about-<b>Reddit</b>-and-<b>4chan</b></cite><div class="_nBb"><div style="display:inline" onclick="google.sham(this);" aria-expanded="false" aria-haspopup="true" tabindex="0" data-ved="0ahUKEwi1iv-8ys_MAhUD9YMKHeQfA7QQ7B0IPzAK"><span class="_O0"></span></div><div style="display:none" class="am-dropdown-menu" role="menu" tabindex="-1"><ul><li class="_Ykb"><a class="_Zkb" href="/search?ie=UTF-8&amp;q=related:https://www.quora.com/Whats-so-great-about-Reddit-and-4chan+reddit+4chan&amp;tbo=1&amp;sa=X&amp;ved=0ahUKEwi1iv-8ys_MAhUD9YMKHeQfA7QQHwhBMAo">Similares</a></li></ul></div></div></div><span class="st"><b>Reddit</b> has something for everyone. Whether you enjoy being there, depends on <br>
	what you want from the site. If you are interested in news and politics, there a...</span><br></div>'
2016-05-10 08:10:53-0500 [article_spider] DEBUG: Website added/updated to MongoDB database!
2016-05-10 08:10:53-0500 [article_spider] DEBUG: Scraped from <200 https://www.google.com.ni/search?q=reddit+4chan>
	{u'el1': u'<div class="s"><div class="kv" style="margin-bottom:2px"><cite>https://www.quora.com/Whats-so-great-about-<b>Reddit</b>-and-<b>4chan</b></cite><div class="_nBb"><div style="display:inline" onclick="google.sham(this);" aria-expanded="false" aria-haspopup="true" tabindex="0" data-ved="0ahUKEwi1iv-8ys_MAhUD9YMKHeQfA7QQ7B0IPzAK"><span class="_O0"></span></div><div style="display:none" class="am-dropdown-menu" role="menu" tabindex="-1"><ul><li class="_Ykb"><a class="_Zkb" href="/search?ie=UTF-8&amp;q=related:https://www.quora.com/Whats-so-great-about-Reddit-and-4chan+reddit+4chan&amp;tbo=1&amp;sa=X&amp;ved=0ahUKEwi1iv-8ys_MAhUD9YMKHeQfA7QQHwhBMAo">Similares</a></li></ul></div></div></div><span class="st"><b>Reddit</b> has something for everyone. Whether you enjoy being there, depends on <br>\nwhat you want from the site. If you are interested in news and politics, there a...</span><br></div>',
	 u'uniqueid': u'http://www.quora.com/Whats-so-great-about-Reddit-and-4chan'}
2016-05-10 08:10:53-0500 [article_spider] INFO: Starting to crawl item 7.
2016-05-10 08:10:53-0500 [article_spider] DEBUG: uniqueid            'http://www.quora.com/What-do-4chan-users-think-of-reddit-users'
2016-05-10 08:10:53-0500 [article_spider] DEBUG: el1                 '<div class="s"><div class="kv" style="margin-bottom:2px"><cite>https://www.quora.com/What-do-<b>4chan</b>-users-think-of-<b>reddit</b>-users</cite><div class="_nBb"><div style="display:inline" onclick="google.sham(this);" aria-expanded="false" aria-haspopup="true" tabindex="0" data-ved="0ahUKEwi1iv-8ys_MAhUD9YMKHeQfA7QQ7B0IRDAL"><span class="_O0"></span></div><div style="display:none" class="am-dropdown-menu" role="menu" tabindex="-1"><ul><li class="_Ykb"><a class="_Zkb" href="/search?ie=UTF-8&amp;q=related:https://www.quora.com/What-do-4chan-users-think-of-reddit-users+reddit+4chan&amp;tbo=1&amp;sa=X&amp;ved=0ahUKEwi1iv-8ys_MAhUD9YMKHeQfA7QQHwhGMAs">Similares</a></li></ul></div></div></div><span class="st">A lot of <b>4chan</b> users are actually just <b>reddit</b> users who got tired of it because of the <br>
	general circlejerk and upvote-whoring attitude found in many users on ...</span><br></div>'
2016-05-10 08:10:53-0500 [article_spider] DEBUG: Website added/updated to MongoDB database!
2016-05-10 08:10:53-0500 [article_spider] DEBUG: Scraped from <200 https://www.google.com.ni/search?q=reddit+4chan>
	{u'el1': u'<div class="s"><div class="kv" style="margin-bottom:2px"><cite>https://www.quora.com/What-do-<b>4chan</b>-users-think-of-<b>reddit</b>-users</cite><div class="_nBb"><div style="display:inline" onclick="google.sham(this);" aria-expanded="false" aria-haspopup="true" tabindex="0" data-ved="0ahUKEwi1iv-8ys_MAhUD9YMKHeQfA7QQ7B0IRDAL"><span class="_O0"></span></div><div style="display:none" class="am-dropdown-menu" role="menu" tabindex="-1"><ul><li class="_Ykb"><a class="_Zkb" href="/search?ie=UTF-8&amp;q=related:https://www.quora.com/What-do-4chan-users-think-of-reddit-users+reddit+4chan&amp;tbo=1&amp;sa=X&amp;ved=0ahUKEwi1iv-8ys_MAhUD9YMKHeQfA7QQHwhGMAs">Similares</a></li></ul></div></div></div><span class="st">A lot of <b>4chan</b> users are actually just <b>reddit</b> users who got tired of it because of the <br>\ngeneral circlejerk and upvote-whoring attitude found in many users on ...</span><br></div>',
	 u'uniqueid': u'http://www.quora.com/What-do-4chan-users-think-of-reddit-users'}
2016-05-10 08:10:53-0500 [article_spider] INFO: Closing spider (finished)
2016-05-10 08:10:53-0500 [article_spider] INFO: Scheduler runtime updated (Next action time: 2016-05-10 08:05, Next action factor: 3.0, Zero actions: 6)
2016-05-10 08:10:53-0500 [article_spider] INFO: Dumping Scrapy stats:
	{'downloader/request_bytes': 218,
	 'downloader/request_count': 1,
	 'downloader/request_method_count/GET': 1,
	 'downloader/response_bytes': 10983,
	 'downloader/response_count': 1,
	 'downloader/response_status_count/200': 1,
	 'finish_reason': 'finished',
	 'finish_time': datetime.datetime(2016, 5, 10, 13, 10, 53, 767841),
	 'item_scraped_count': 7,
	 'log_count/DEBUG': 31,
	 'log_count/INFO': 15,
	 'response_received_count': 1,
	 'scheduler/dequeued': 1,
	 'scheduler/dequeued/memory': 1,
	 'scheduler/enqueued': 1,
	 'scheduler/enqueued/memory': 1,
	 'start_time': datetime.datetime(2016, 5, 10, 13, 10, 53, 125690)}
2016-05-10 08:10:53-0500 [article_spider] INFO: Spider closed (finished)
