2016-01-11 10:45:42-0600 [scrapy] INFO: Scrapy 0.24.6 started (bot: open_news)
2016-01-11 10:45:42-0600 [scrapy] INFO: Optional features available: ssl, http11, boto, django
2016-01-11 10:45:42-0600 [scrapy] INFO: Overridden settings: {'FEED_URI': 'file:///home/ubuntu/workspace/example_project/items/default/article_spider/beab30b6b88211e5831a0242ac114141.jl', 'SPIDER_MODULES': ['dynamic_scraper.spiders', 'open_news.scraper'], 'BOT_NAME': 'open_news', 'LOG_STDOUT': True, 'USER_AGENT': 'open_news/1.0', 'LOG_FILE': 'logs/default/article_spider/beab30b6b88211e5831a0242ac114141.log'}
2016-01-11 10:45:42-0600 [scrapy] INFO: Enabled extensions: FeedExporter, LogStats, TelnetConsole, CloseSpider, WebService, CoreStats, SpiderState, ExtensionThatAccessStats
2016-01-11 10:45:43-0600 [scrapy] INFO: Enabled downloader middlewares: HttpAuthMiddleware, DownloadTimeoutMiddleware, UserAgentMiddleware, RetryMiddleware, DefaultHeadersMiddleware, MetaRefreshMiddleware, HttpCompressionMiddleware, RedirectMiddleware, CookiesMiddleware, ChunkedTransferMiddleware, DownloaderStats
2016-01-11 10:45:43-0600 [scrapy] INFO: Enabled spider middlewares: HttpErrorMiddleware, OffsiteMiddleware, RefererMiddleware, UrlLengthMiddleware, DepthMiddleware
2016-01-11 10:45:43-0600 [scrapy] INFO: Enabled item pipelines: DjangoImagesPipeline, MongoDBPipeline
2016-01-11 10:45:43-0600 [article_spider] INFO: Spider opened
2016-01-11 10:45:43-0600 [article_spider] INFO: Crawled 0 pages (at 0 pages/min), scraped 0 items (at 0 items/min)
2016-01-11 10:45:43-0600 [scrapy] DEBUG: Telnet console listening on 127.0.0.1:6023
2016-01-11 10:45:43-0600 [scrapy] DEBUG: Web service listening on 127.0.0.1:6080
2016-01-11 10:45:45-0600 [article_spider] DEBUG: Crawled (200) <GET https://www.sagedining.com/people/careers/current_opportunities> (referer: None)
2016-01-11 10:45:45-0600 [article_spider] INFO: Starting to crawl item 1.
2016-01-11 10:45:45-0600 [article_spider] DEBUG: uniqueid            'position/9484'
2016-01-11 10:45:45-0600 [article_spider] ERROR: Spider error processing <GET https://www.sagedining.com/people/careers/current_opportunities>
	Traceback (most recent call last):
	  File "/usr/local/lib/python2.7/dist-packages/twisted/internet/base.py", line 825, in runUntilCurrent
	    call.func(*call.args, **call.kw)
	  File "/usr/local/lib/python2.7/dist-packages/twisted/internet/task.py", line 645, in _tick
	    taskObj._oneWorkUnit()
	  File "/usr/local/lib/python2.7/dist-packages/twisted/internet/task.py", line 491, in _oneWorkUnit
	    result = next(self._iterator)
	  File "/usr/local/lib/python2.7/dist-packages/scrapy/utils/defer.py", line 57, in <genexpr>
	    work = (callable(elem, *args, **named) for elem in iterable)
	--- <exception caught here> ---
	  File "/usr/local/lib/python2.7/dist-packages/scrapy/utils/defer.py", line 96, in iter_errback
	    yield next(it)
	  File "/usr/local/lib/python2.7/dist-packages/scrapy/contrib/spidermiddleware/offsite.py", line 26, in process_spider_output
	    for x in result:
	  File "/usr/local/lib/python2.7/dist-packages/scrapy/contrib/spidermiddleware/referer.py", line 22, in <genexpr>
	    return (_set_referer(r) for r in result or ())
	  File "/usr/local/lib/python2.7/dist-packages/scrapy/contrib/spidermiddleware/urllength.py", line 33, in <genexpr>
	    return (r for r in result or () if _filter(r))
	  File "/usr/local/lib/python2.7/dist-packages/scrapy/contrib/spidermiddleware/depth.py", line 50, in <genexpr>
	    return (r for r in result or () if _filter(r))
	  File "open_news/django_spider.py", line 347, in parse
	    yield Request(url, callback=self.parse_item, meta=meta)
	  File "/usr/local/lib/python2.7/dist-packages/scrapy/http/request/__init__.py", line 26, in __init__
	    self._set_url(url)
	  File "/usr/local/lib/python2.7/dist-packages/scrapy/http/request/__init__.py", line 57, in _set_url
	    self._set_url(url.encode(self.encoding))
	  File "/usr/local/lib/python2.7/dist-packages/scrapy/http/request/__init__.py", line 61, in _set_url
	    raise ValueError('Missing scheme in request url: %s' % self._url)
	exceptions.ValueError: Missing scheme in request url: position/9484
	
2016-01-11 10:45:45-0600 [article_spider] INFO: Closing spider (finished)
2016-01-11 10:45:45-0600 [article_spider] INFO: Scheduler runtime updated (Next action time: 2016-01-11 13:01, Next action factor: 10.0, Zero actions: 14)
2016-01-11 10:45:45-0600 [article_spider] INFO: Dumping Scrapy stats:
	{'downloader/request_bytes': 232,
	 'downloader/request_count': 1,
	 'downloader/request_method_count/GET': 1,
	 'downloader/response_bytes': 117271,
	 'downloader/response_count': 1,
	 'downloader/response_status_count/200': 1,
	 'finish_reason': 'finished',
	 'finish_time': datetime.datetime(2016, 1, 11, 16, 45, 45, 281830),
	 'log_count/DEBUG': 4,
	 'log_count/ERROR': 1,
	 'log_count/INFO': 9,
	 'response_received_count': 1,
	 'scheduler/dequeued': 1,
	 'scheduler/dequeued/memory': 1,
	 'scheduler/enqueued': 1,
	 'scheduler/enqueued/memory': 1,
	 'spider_exceptions/ValueError': 1,
	 'start_time': datetime.datetime(2016, 1, 11, 16, 45, 43, 515342)}
2016-01-11 10:45:45-0600 [article_spider] INFO: Spider closed (finished)
