2016-06-14 10:52:04-0500 [scrapy] INFO: Scrapy 0.24.6 started (bot: scraperfunc)
2016-06-14 10:52:04-0500 [scrapy] INFO: Optional features available: ssl, http11, django
2016-06-14 10:52:04-0500 [scrapy] INFO: Overridden settings: {'SPIDER_MODULES': ['dynamic_scraper.spiders', 'scraperfunc.scraper'], 'LOG_STDOUT': True, 'LOG_FILE': 'logs/default/article_spider/eb092ba6324711e6ab360242ac1175ce.log', 'USER_AGENT': 'scraperfunc/1.0', 'BOT_NAME': 'scraperfunc'}
2016-06-14 10:52:04-0500 [scrapy] INFO: Enabled extensions: LogStats, TelnetConsole, CloseSpider, WebService, CoreStats, SpiderState, ExtensionThatAccessStats
2016-06-14 10:52:04-0500 [scrapy] INFO: Enabled downloader middlewares: HttpAuthMiddleware, DownloadTimeoutMiddleware, UserAgentMiddleware, RetryMiddleware, DefaultHeadersMiddleware, MetaRefreshMiddleware, HttpCompressionMiddleware, RedirectMiddleware, CookiesMiddleware, ChunkedTransferMiddleware, DownloaderStats
2016-06-14 10:52:04-0500 [scrapy] INFO: Enabled spider middlewares: HttpErrorMiddleware, OffsiteMiddleware, RefererMiddleware, UrlLengthMiddleware, DepthMiddleware
2016-06-14 10:52:04-0500 [scrapy] INFO: Enabled item pipelines: DjangoImagesPipeline, MongoDBPipeline
2016-06-14 10:52:04-0500 [article_spider] INFO: Spider opened
2016-06-14 10:52:04-0500 [article_spider] INFO: Crawled 0 pages (at 0 pages/min), scraped 0 items (at 0 items/min)
2016-06-14 10:52:04-0500 [scrapy] DEBUG: Telnet console listening on 127.0.0.1:6024
2016-06-14 10:52:04-0500 [scrapy] DEBUG: Web service listening on 127.0.0.1:6081
2016-06-14 10:52:04-0500 [article_spider] DEBUG: Crawled (200) <GET https://www.google.com.ni/search?q=texaco> (referer: None)
2016-06-14 10:52:04-0500 [article_spider] INFO: Starting to crawl item 1.
2016-06-14 10:52:04-0500 [article_spider] DEBUG: url                 None
2016-06-14 10:52:04-0500 [article_spider] ERROR: Item could not be read!
2016-06-14 10:52:04-0500 [article_spider] INFO: Starting to crawl item 2.
2016-06-14 10:52:04-0500 [article_spider] DEBUG: url                 'https://es.wikipedia.org/wiki/Texaco'
2016-06-14 10:52:04-0500 [article_spider] INFO: Starting to crawl item 3.
2016-06-14 10:52:04-0500 [article_spider] DEBUG: url                 'http://www.texaco.es/'
2016-06-14 10:52:04-0500 [article_spider] INFO: Starting to crawl item 4.
2016-06-14 10:52:04-0500 [article_spider] DEBUG: url                 'http://www.laprensa.com.ni/2011/12/06/economia/82910-texaco-se-va-de-nicaragua'
2016-06-14 10:52:04-0500 [article_spider] INFO: Starting to crawl item 5.
2016-06-14 10:52:04-0500 [article_spider] DEBUG: url                 'http://www.paginasamarillas.com.ni/empresas/texaco-momotombo/managua-15471711'
2016-06-14 10:52:04-0500 [article_spider] INFO: Starting to crawl item 6.
2016-06-14 10:52:04-0500 [article_spider] DEBUG: url                 'http://www.texaco.com/'
2016-06-14 10:52:04-0500 [article_spider] INFO: Starting to crawl item 7.
2016-06-14 10:52:04-0500 [article_spider] DEBUG: url                 'https://es-la.facebook.com/pages/PubTEXACO/273366282708180'
2016-06-14 10:52:05-0500 [article_spider] INFO: Starting to crawl item 8.
2016-06-14 10:52:05-0500 [article_spider] DEBUG: url                 'https://www.facebook.com/Pub-Texaco-273366282708180/'
2016-06-14 10:52:05-0500 [article_spider] INFO: Starting to crawl item 9.
2016-06-14 10:52:05-0500 [article_spider] DEBUG: url                 'http://www.nexdu.com/ni/es/Texaco-page-1'
2016-06-14 10:52:05-0500 [article_spider] INFO: Starting to crawl item 10.
2016-06-14 10:52:05-0500 [article_spider] DEBUG: url                 'https://www.chevrontexacocards.com/consumergen2/login.do%3FsubActionId%3D1000%26clientId%3Dchevron%26accountType%3Dgeneric'
2016-06-14 10:52:05-0500 [article_spider] DEBUG: Crawled (200) <GET https://es.wikipedia.org/wiki/Texaco> (referer: https://www.google.com.ni/search?q=texaco)
2016-06-14 10:52:05-0500 [article_spider] DEBUG: wholehtml           None
2016-06-14 10:52:05-0500 [article_spider] DEBUG: Current URL is ## https://es.wikipedia.org/wiki/Texaco ## and response URL is $$ https://es.wikipedia.org/wiki/Wikipedia:Contacto
2016-06-14 10:52:05-0500 [article_spider] DEBUG: Crawled (200) <GET http://www.texaco.com/> (referer: https://www.google.com.ni/search?q=texaco)
2016-06-14 10:52:05-0500 [article_spider] DEBUG: wholehtml           None
2016-06-14 10:52:05-0500 [article_spider] DEBUG: Current URL is ## http://www.texaco.com/ ## and response URL is $$ http://www.chevronwithtechron.com/contact-us/customerServiceForm.aspx
2016-06-14 10:52:05-0500 [article_spider] DEBUG: Crawled (200) <GET http://www.paginasamarillas.com.ni/empresas/texaco-momotombo/managua-15471711> (referer: https://www.google.com.ni/search?q=texaco)
2016-06-14 10:52:05-0500 [article_spider] DEBUG: wholehtml           None
2016-06-14 10:52:05-0500 [article_spider] DEBUG: Current URL is ## http://www.paginasamarillas.com.ni/empresas/texaco-momotombo/managua-15471711 ## and response URL is $$ http://www.publicar.com/marketing-directo?hs_preview=xkh0kjfn-1911279459
2016-06-14 10:52:05-0500 [article_spider] DEBUG: Crawled (200) <GET http://www.nexdu.com/ni/es/Texaco-page-1> (referer: https://www.google.com.ni/search?q=texaco)
2016-06-14 10:52:05-0500 [article_spider] DEBUG: wholehtml           None
2016-06-14 10:52:05-0500 [article_spider] DEBUG: No more deepsearch... continue!
2016-06-14 10:52:05-0500 [article_spider] DEBUG: Website added/updated to MongoDB database!
2016-06-14 10:52:05-0500 [article_spider] DEBUG: Scraped from <200 http://www.nexdu.com/ni/es/Texaco-page-1>
	{u'url': u'http://www.nexdu.com/ni/es/Texaco-page-1'}
2016-06-14 10:52:05-0500 [article_spider] DEBUG: Crawled (200) <GET http://www.texaco.es/> (referer: https://www.google.com.ni/search?q=texaco)
2016-06-14 10:52:05-0500 [article_spider] DEBUG: wholehtml           None
2016-06-14 10:52:05-0500 [article_spider] DEBUG: No more deepsearch... continue!
2016-06-14 10:52:05-0500 [article_spider] DEBUG: Website added/updated to MongoDB database!
2016-06-14 10:52:05-0500 [article_spider] DEBUG: Scraped from <200 http://www.texaco.es/>
	{u'url': u'http://www.texaco.es/'}
2016-06-14 10:52:05-0500 [article_spider] DEBUG: Crawled (200) <GET http://www.chevronwithtechron.com/contact-us/customerServiceForm.aspx> (referer: http://www.texaco.com/)
2016-06-14 10:52:05-0500 [article_spider] DEBUG: wholehtml           'your technical questions: <a href="mailto:fueltek@chevron'
2016-06-14 10:52:05-0500 [article_spider] DEBUG: Current URL is ## http://www.chevronwithtechron.com/contact-us/customerServiceForm.aspx ## and response URL is $$ http://www.chevronwithtechron.com/contact-us/customerServiceForm.aspx
2016-06-14 10:52:05-0500 [article_spider] DEBUG: Website added/updated to MongoDB database!
2016-06-14 10:52:05-0500 [article_spider] DEBUG: Scraped from <200 http://www.chevronwithtechron.com/contact-us/customerServiceForm.aspx>
	{u'url': u'http://www.texaco.com/',
	 u'wholehtml': u'your technical questions: <a href="mailto:fueltek@chevron'}
2016-06-14 10:52:05-0500 [article_spider] DEBUG: Crawled (200) <GET http://www.publicar.com/marketing-directo?hs_preview=xkh0kjfn-1911279459> (referer: http://www.paginasamarillas.com.ni/empresas/texaco-momotombo/managua-15471711)
2016-06-14 10:52:05-0500 [article_spider] DEBUG: wholehtml           None
2016-06-14 10:52:05-0500 [article_spider] DEBUG: Current URL is ## http://www.publicar.com/marketing-directo?hs_preview=xkh0kjfn-1911279459 ## and response URL is $$ http://www.publicar.com/marketing-directo
2016-06-14 10:52:05-0500 [article_spider] DEBUG: Crawled (200) <GET https://www.chevrontexacocards.com/consumergen2/login.do?subActionId=1000&clientId=chevron&accountType=generic> (referer: https://www.google.com.ni/search?q=texaco)
2016-06-14 10:52:05-0500 [article_spider] DEBUG: wholehtml           None
2016-06-14 10:52:05-0500 [article_spider] DEBUG: Current URL is ## https://www.chevrontexacocards.com/consumergen2/login.do?subActionId=1000&clientId=chevron&accountType=generic ## and response URL is $$ javascript:changePage1('ContactUS')
2016-06-14 10:52:05-0500 [article_spider] DEBUG: Website added/updated to MongoDB database!
2016-06-14 10:52:05-0500 [article_spider] DEBUG: Scraped from <200 https://www.chevrontexacocards.com/consumergen2/login.do?subActionId=1000&clientId=chevron&accountType=generic>
	{u'url': u'https://www.chevrontexacocards.com/consumergen2/login.do%3FsubActionId%3D1000%26clientId%3Dchevron%26accountType%3Dgeneric'}
2016-06-14 10:52:05-0500 [article_spider] DEBUG: Crawled (200) <GET http://www.laprensa.com.ni/2011/12/06/economia/82910-texaco-se-va-de-nicaragua> (referer: https://www.google.com.ni/search?q=texaco)
2016-06-14 10:52:05-0500 [article_spider] DEBUG: wholehtml           None
2016-06-14 10:52:05-0500 [article_spider] DEBUG: No more deepsearch... continue!
2016-06-14 10:52:05-0500 [article_spider] DEBUG: Website added/updated to MongoDB database!
2016-06-14 10:52:05-0500 [article_spider] DEBUG: Scraped from <200 http://www.laprensa.com.ni/2011/12/06/economia/82910-texaco-se-va-de-nicaragua>
	{u'url': u'http://www.laprensa.com.ni/2011/12/06/economia/82910-texaco-se-va-de-nicaragua'}
2016-06-14 10:52:06-0500 [article_spider] DEBUG: Crawled (200) <GET https://es-la.facebook.com/pages/PubTEXACO/273366282708180> (referer: https://www.google.com.ni/search?q=texaco)
2016-06-14 10:52:06-0500 [article_spider] DEBUG: wholehtml           None
2016-06-14 10:52:06-0500 [article_spider] DEBUG: No more deepsearch... continue!
2016-06-14 10:52:06-0500 [article_spider] DEBUG: Website added/updated to MongoDB database!
2016-06-14 10:52:06-0500 [article_spider] DEBUG: Scraped from <200 https://es-la.facebook.com/pages/PubTEXACO/273366282708180>
	{u'url': u'https://es-la.facebook.com/pages/PubTEXACO/273366282708180'}
2016-06-14 10:52:06-0500 [article_spider] DEBUG: Crawled (200) <GET https://www.facebook.com/Pub-Texaco-273366282708180/> (referer: https://www.google.com.ni/search?q=texaco)
2016-06-14 10:52:06-0500 [article_spider] DEBUG: wholehtml           None
2016-06-14 10:52:06-0500 [article_spider] DEBUG: No more deepsearch... continue!
2016-06-14 10:52:06-0500 [article_spider] DEBUG: Website added/updated to MongoDB database!
2016-06-14 10:52:06-0500 [article_spider] DEBUG: Scraped from <200 https://www.facebook.com/Pub-Texaco-273366282708180/>
	{u'url': u'https://www.facebook.com/Pub-Texaco-273366282708180/'}
2016-06-14 10:52:07-0500 [article_spider] DEBUG: Crawled (200) <GET https://es.wikipedia.org/wiki/Wikipedia:Contacto> (referer: https://es.wikipedia.org/wiki/Texaco)
2016-06-14 10:52:07-0500 [article_spider] DEBUG: wholehtml           None
2016-06-14 10:52:07-0500 [article_spider] DEBUG: Current URL is ## https://es.wikipedia.org/wiki/Wikipedia:Contacto ## and response URL is $$ https://wikimediafoundation.org/wiki/Contact_us
2016-06-14 10:52:07-0500 [article_spider] DEBUG: Crawled (200) <GET https://wikimediafoundation.org/wiki/Contact_us> (referer: https://es.wikipedia.org/wiki/Wikipedia:Contacto)
2016-06-14 10:52:07-0500 [article_spider] DEBUG: wholehtml           None
2016-06-14 10:52:07-0500 [article_spider] DEBUG: Current URL is ## https://wikimediafoundation.org/wiki/Contact_us ## and response URL is $$ https://wikimediafoundation.org/w/index.php?title=Contact_us&oldid=105530
2016-06-14 10:52:07-0500 [article_spider] DEBUG: Crawled (200) <GET http://www.publicar.com/marketing-directo> (referer: http://www.publicar.com/marketing-directo?hs_preview=xkh0kjfn-1911279459)
2016-06-14 10:52:07-0500 [article_spider] DEBUG: wholehtml           None
2016-06-14 10:52:07-0500 [article_spider] DEBUG: Current URL is ## http://www.publicar.com/marketing-directo ## and response URL is $$ http://www.publicar.com/marketing-directo
2016-06-14 10:52:07-0500 [article_spider] DEBUG: Website added/updated to MongoDB database!
2016-06-14 10:52:07-0500 [article_spider] DEBUG: Scraped from <200 http://www.publicar.com/marketing-directo>
	{u'url': u'http://www.paginasamarillas.com.ni/empresas/texaco-momotombo/managua-15471711'}
2016-06-14 10:52:10-0500 [article_spider] DEBUG: Crawled (200) <GET https://wikimediafoundation.org/w/index.php?title=Contact_us&oldid=105530> (referer: https://wikimediafoundation.org/wiki/Contact_us)
2016-06-14 10:52:10-0500 [article_spider] DEBUG: wholehtml           None
2016-06-14 10:52:10-0500 [article_spider] DEBUG: Current URL is ## https://wikimediafoundation.org/w/index.php?title=Contact_us&oldid=105530 ## and response URL is $$ https://wikimediafoundation.org/w/index.php?title=Contact_us&oldid=105530
2016-06-14 10:52:10-0500 [article_spider] DEBUG: Website added/updated to MongoDB database!
2016-06-14 10:52:10-0500 [article_spider] DEBUG: Scraped from <200 https://wikimediafoundation.org/w/index.php?title=Contact_us&oldid=105530>
	{u'url': u'https://es.wikipedia.org/wiki/Texaco'}
2016-06-14 10:52:10-0500 [article_spider] INFO: Closing spider (finished)
2016-06-14 10:52:10-0500 [article_spider] INFO: Scheduler runtime updated (Next action time: 2016-06-14 15:06, Next action factor: 16.9, Zero actions: 17)
2016-06-14 10:52:10-0500 [article_spider] INFO: Dumping Scrapy stats:
	{'downloader/request_bytes': 4672,
	 'downloader/request_count': 16,
	 'downloader/request_method_count/GET': 16,
	 'downloader/response_bytes': 413110,
	 'downloader/response_count': 16,
	 'downloader/response_status_count/200': 16,
	 'finish_reason': 'finished',
	 'finish_time': datetime.datetime(2016, 6, 14, 15, 52, 10, 474260),
	 'item_scraped_count': 9,
	 'log_count/DEBUG': 76,
	 'log_count/ERROR': 1,
	 'log_count/INFO': 18,
	 'request_depth_max': 4,
	 'response_received_count': 16,
	 'scheduler/dequeued': 16,
	 'scheduler/dequeued/memory': 16,
	 'scheduler/enqueued': 16,
	 'scheduler/enqueued/memory': 16,
	 'start_time': datetime.datetime(2016, 6, 14, 15, 52, 4, 382206)}
2016-06-14 10:52:10-0500 [article_spider] INFO: Spider closed (finished)
